/public/home/xzzeng/.local/lib/python3.8/site-packages/q2chem/qchem/transformation/_jordan_wigner.py:14: UserWarning: JIT: Compiling high-performance Jordan-Wigner kernel. Set environmental variable Q2CHEM_JIT to "NO" to disable JIT and use the Python-based Jordan-Wigner transformation.
  warnings.warn("JIT: Compiling high-performance Jordan-Wigner kernel. \
Using /public/home/xzzeng/.cache/torch_extensions/py38_cu121 as PyTorch extensions root...
Creating extension directory /public/home/xzzeng/.cache/torch_extensions/py38_cu121/_jordan_wigner_cpp_cpu...
Emitting ninja build file /public/home/xzzeng/.cache/torch_extensions/py38_cu121/_jordan_wigner_cpp_cpu/build.ninja...
Building extension module _jordan_wigner_cpp_cpu...
Allowing ninja to set a default number of workers... (overridable by setting the environment variable MAX_JOBS=N)
[1/2] c++ -MMD -MF _jordan_wigner_cpu.o.d -DTORCH_EXTENSION_NAME=_jordan_wigner_cpp_cpu -DTORCH_API_INCLUDE_EXTENSION_H -DPYBIND11_COMPILER_TYPE=\"_gcc\" -DPYBIND11_STDLIB=\"_libstdcpp\" -DPYBIND11_BUILD_ABI=\"_cxxabi1011\" -isystem /public/home/xzzeng/anaconda3/envs/quantum/lib/python3.8/site-packages/torch/include -isystem /public/home/xzzeng/anaconda3/envs/quantum/lib/python3.8/site-packages/torch/include/torch/csrc/api/include -isystem /public/home/xzzeng/anaconda3/envs/quantum/lib/python3.8/site-packages/torch/include/TH -isystem /public/home/xzzeng/anaconda3/envs/quantum/lib/python3.8/site-packages/torch/include/THC -isystem /public/home/xzzeng/anaconda3/envs/quantum/include/python3.8 -D_GLIBCXX_USE_CXX11_ABI=0 -fPIC -std=c++17 -O3 -std=c++17 -c /public/home/xzzeng/.local/lib/python3.8/site-packages/q2chem/qchem/transformation/_jordan_wigner_cpu.cpp -o _jordan_wigner_cpu.o 
FAILED: _jordan_wigner_cpu.o 
c++ -MMD -MF _jordan_wigner_cpu.o.d -DTORCH_EXTENSION_NAME=_jordan_wigner_cpp_cpu -DTORCH_API_INCLUDE_EXTENSION_H -DPYBIND11_COMPILER_TYPE=\"_gcc\" -DPYBIND11_STDLIB=\"_libstdcpp\" -DPYBIND11_BUILD_ABI=\"_cxxabi1011\" -isystem /public/home/xzzeng/anaconda3/envs/quantum/lib/python3.8/site-packages/torch/include -isystem /public/home/xzzeng/anaconda3/envs/quantum/lib/python3.8/site-packages/torch/include/torch/csrc/api/include -isystem /public/home/xzzeng/anaconda3/envs/quantum/lib/python3.8/site-packages/torch/include/TH -isystem /public/home/xzzeng/anaconda3/envs/quantum/lib/python3.8/site-packages/torch/include/THC -isystem /public/home/xzzeng/anaconda3/envs/quantum/include/python3.8 -D_GLIBCXX_USE_CXX11_ABI=0 -fPIC -std=c++17 -O3 -std=c++17 -c /public/home/xzzeng/.local/lib/python3.8/site-packages/q2chem/qchem/transformation/_jordan_wigner_cpu.cpp -o _jordan_wigner_cpu.o 
In file included from /public/home/xzzeng/anaconda3/envs/quantum/lib/python3.8/site-packages/torch/include/ATen/core/TensorBase.h:14,
                 from /public/home/xzzeng/anaconda3/envs/quantum/lib/python3.8/site-packages/torch/include/ATen/core/TensorBody.h:38,
                 from /public/home/xzzeng/anaconda3/envs/quantum/lib/python3.8/site-packages/torch/include/ATen/core/Tensor.h:3,
                 from /public/home/xzzeng/anaconda3/envs/quantum/lib/python3.8/site-packages/torch/include/ATen/Tensor.h:3,
                 from /public/home/xzzeng/anaconda3/envs/quantum/lib/python3.8/site-packages/torch/include/torch/csrc/autograd/function_hook.h:3,
                 from /public/home/xzzeng/anaconda3/envs/quantum/lib/python3.8/site-packages/torch/include/torch/csrc/autograd/cpp_hook.h:2,
                 from /public/home/xzzeng/anaconda3/envs/quantum/lib/python3.8/site-packages/torch/include/torch/csrc/autograd/variable.h:6,
                 from /public/home/xzzeng/anaconda3/envs/quantum/lib/python3.8/site-packages/torch/include/torch/csrc/autograd/autograd.h:3,
                 from /public/home/xzzeng/anaconda3/envs/quantum/lib/python3.8/site-packages/torch/include/torch/csrc/api/include/torch/autograd.h:3,
                 from /public/home/xzzeng/anaconda3/envs/quantum/lib/python3.8/site-packages/torch/include/torch/csrc/api/include/torch/all.h:7,
                 from /public/home/xzzeng/anaconda3/envs/quantum/lib/python3.8/site-packages/torch/include/torch/extension.h:5,
                 from /public/home/xzzeng/.local/lib/python3.8/site-packages/q2chem/qchem/transformation/_jordan_wigner_cpu.cpp:10:
/public/home/xzzeng/anaconda3/envs/quantum/lib/python3.8/site-packages/torch/include/c10/util/C++17.h:13:2: error: #error "You're trying to build PyTorch with a too old version of GCC. We need GCC 9 or later."
 #error \
  ^~~~~
ninja: build stopped: subcommand failed.
/public/home/xzzeng/.local/lib/python3.8/site-packages/q2chem/qchem/transformation/_jordan_wigner.py:26: UserWarning: Jordan-Wigner: JIT for CPU failed with error: Error building extension '_jordan_wigner_cpp_cpu'. Using python version instead.
  warnings.warn("Jordan-Wigner: JIT for CPU failed with error: {}. \
/public/home/xzzeng/.local/lib/python3.8/site-packages/q2chem/qcirc/qpu/simulator/_state_vector_simulator.py:55: UserWarning: JIT: Compiling high-performance state vector simulator. Set environmental variable Q2CHEM_JIT to "NO" to disable JIT and use the Python-based state vector simulator.
  warnings.warn("JIT: Compiling high-performance state vector simulator. \
Using /public/home/xzzeng/.cache/torch_extensions/py38_cu121 as PyTorch extensions root...
Creating extension directory /public/home/xzzeng/.cache/torch_extensions/py38_cu121/_apply_quantum_gate_cpp_cpu...
Emitting ninja build file /public/home/xzzeng/.cache/torch_extensions/py38_cu121/_apply_quantum_gate_cpp_cpu/build.ninja...
Building extension module _apply_quantum_gate_cpp_cpu...
Allowing ninja to set a default number of workers... (overridable by setting the environment variable MAX_JOBS=N)
[1/2] c++ -MMD -MF _state_vector_simulator_cpu.o.d -DTORCH_EXTENSION_NAME=_apply_quantum_gate_cpp_cpu -DTORCH_API_INCLUDE_EXTENSION_H -DPYBIND11_COMPILER_TYPE=\"_gcc\" -DPYBIND11_STDLIB=\"_libstdcpp\" -DPYBIND11_BUILD_ABI=\"_cxxabi1011\" -isystem /public/home/xzzeng/anaconda3/envs/quantum/lib/python3.8/site-packages/torch/include -isystem /public/home/xzzeng/anaconda3/envs/quantum/lib/python3.8/site-packages/torch/include/torch/csrc/api/include -isystem /public/home/xzzeng/anaconda3/envs/quantum/lib/python3.8/site-packages/torch/include/TH -isystem /public/home/xzzeng/anaconda3/envs/quantum/lib/python3.8/site-packages/torch/include/THC -isystem /public/home/xzzeng/anaconda3/envs/quantum/include/python3.8 -D_GLIBCXX_USE_CXX11_ABI=0 -fPIC -std=c++17 -std=c++17 -O3 -fopenmp -c /public/home/xzzeng/.local/lib/python3.8/site-packages/q2chem/qcirc/qpu/simulator/_state_vector_simulator_cpu.cpp -o _state_vector_simulator_cpu.o 
FAILED: _state_vector_simulator_cpu.o 
c++ -MMD -MF _state_vector_simulator_cpu.o.d -DTORCH_EXTENSION_NAME=_apply_quantum_gate_cpp_cpu -DTORCH_API_INCLUDE_EXTENSION_H -DPYBIND11_COMPILER_TYPE=\"_gcc\" -DPYBIND11_STDLIB=\"_libstdcpp\" -DPYBIND11_BUILD_ABI=\"_cxxabi1011\" -isystem /public/home/xzzeng/anaconda3/envs/quantum/lib/python3.8/site-packages/torch/include -isystem /public/home/xzzeng/anaconda3/envs/quantum/lib/python3.8/site-packages/torch/include/torch/csrc/api/include -isystem /public/home/xzzeng/anaconda3/envs/quantum/lib/python3.8/site-packages/torch/include/TH -isystem /public/home/xzzeng/anaconda3/envs/quantum/lib/python3.8/site-packages/torch/include/THC -isystem /public/home/xzzeng/anaconda3/envs/quantum/include/python3.8 -D_GLIBCXX_USE_CXX11_ABI=0 -fPIC -std=c++17 -std=c++17 -O3 -fopenmp -c /public/home/xzzeng/.local/lib/python3.8/site-packages/q2chem/qcirc/qpu/simulator/_state_vector_simulator_cpu.cpp -o _state_vector_simulator_cpu.o 
In file included from /public/home/xzzeng/anaconda3/envs/quantum/lib/python3.8/site-packages/torch/include/ATen/core/TensorBase.h:14,
                 from /public/home/xzzeng/anaconda3/envs/quantum/lib/python3.8/site-packages/torch/include/ATen/core/TensorBody.h:38,
                 from /public/home/xzzeng/anaconda3/envs/quantum/lib/python3.8/site-packages/torch/include/ATen/core/Tensor.h:3,
                 from /public/home/xzzeng/anaconda3/envs/quantum/lib/python3.8/site-packages/torch/include/ATen/Tensor.h:3,
                 from /public/home/xzzeng/anaconda3/envs/quantum/lib/python3.8/site-packages/torch/include/torch/csrc/autograd/function_hook.h:3,
                 from /public/home/xzzeng/anaconda3/envs/quantum/lib/python3.8/site-packages/torch/include/torch/csrc/autograd/cpp_hook.h:2,
                 from /public/home/xzzeng/anaconda3/envs/quantum/lib/python3.8/site-packages/torch/include/torch/csrc/autograd/variable.h:6,
                 from /public/home/xzzeng/anaconda3/envs/quantum/lib/python3.8/site-packages/torch/include/torch/csrc/autograd/autograd.h:3,
                 from /public/home/xzzeng/anaconda3/envs/quantum/lib/python3.8/site-packages/torch/include/torch/csrc/api/include/torch/autograd.h:3,
                 from /public/home/xzzeng/anaconda3/envs/quantum/lib/python3.8/site-packages/torch/include/torch/csrc/api/include/torch/all.h:7,
                 from /public/home/xzzeng/anaconda3/envs/quantum/lib/python3.8/site-packages/torch/include/torch/extension.h:5,
                 from /public/home/xzzeng/.local/lib/python3.8/site-packages/q2chem/qcirc/qpu/simulator/_state_vector_simulator_cpu.cpp:2:
/public/home/xzzeng/anaconda3/envs/quantum/lib/python3.8/site-packages/torch/include/c10/util/C++17.h:13:2: error: #error "You're trying to build PyTorch with a too old version of GCC. We need GCC 9 or later."
 #error \
  ^~~~~
ninja: build stopped: subcommand failed.
/public/home/xzzeng/.local/lib/python3.8/site-packages/q2chem/qcirc/qpu/simulator/_state_vector_simulator.py:80: UserWarning: StateVector: JIT for CPU failed with error: Error building extension '_apply_quantum_gate_cpp_cpu'. Using python version instead.
  warnings.warn("StateVector: JIT for CPU failed with error: {}. \
Using /public/home/xzzeng/.cache/torch_extensions/py38_cu121 as PyTorch extensions root...
Creating extension directory /public/home/xzzeng/.cache/torch_extensions/py38_cu121/_apply_quantum_gate_cpp_gpu...
Detected CUDA files, patching ldflags
/public/home/xzzeng/.local/lib/python3.8/site-packages/q2chem/qcirc/qpu/simulator/_state_vector_simulator.py:102: UserWarning: StateVector: JIT for GPU failed with error: CUDA_HOME environment variable is not set. Please set it to your CUDA install root.. Using python version instead.
  warnings.warn("StateVector: JIT for GPU failed with error: {}. \
filtered_states:  [('1111111100000000', 0.882848271, 0), ('1111110000110000', -0.25688946, 1), ('1111001111000000', -0.252797525, 2), ('1111110011000000', 0.221372579, 3), ('1111011100100000', -0.107334248, 4), ('1111101100010000', 0.107334248, 5), ('1111010011100000', 0.0860978476, 6), ('1111100011010000', -0.0860978476, 7), ('1111000011110000', 0.0386229061, 8), ('1101111000010010', 0.0238053192, 9), ('1110110100100001', 0.0238053192, 10)]
excitations:  [[4, 6, 7, 10, 11], [4, 4, 5, 8, 9], [4, 6, 7, 8, 9], [2, 4, 10], [2, 5, 11], [6, 4, 6, 7, 8, 9, 10], [6, 5, 6, 7, 8, 9, 11], [8, 4, 5, 6, 7, 8, 9, 10, 11], [4, 8, 9, 10, 11], [4, 4, 5, 6, 7], [8, 4, 5, 6, 7, 8, 9, 10, 11], [4, 4, 6, 7, 11], [4, 5, 6, 7, 10], [4, 5, 8, 9, 10], [4, 4, 8, 9, 11], [6, 4, 6, 7, 8, 9, 10], [6, 5, 6, 7, 8, 9, 11], [4, 4, 8, 9, 11], [4, 5, 8, 9, 10], [4, 5, 6, 7, 10], [4, 4, 6, 7, 11], [4, 2, 7, 11, 14], [4, 3, 6, 10, 15], [2, 4, 10], [2, 5, 11], [4, 4, 5, 10, 11], [4, 4, 5, 8, 9], [4, 6, 7, 10, 11], [4, 6, 7, 8, 9], [8, 4, 5, 6, 7, 8, 9, 10, 11], [8, 4, 5, 6, 7, 8, 9, 10, 11], [4, 6, 7, 8, 9], [4, 4, 5, 10, 11], [4, 4, 5, 10, 11], [4, 2, 6, 10, 14], [4, 3, 7, 11, 15], [8, 2, 4, 5, 7, 8, 9, 11, 14], [8, 3, 4, 5, 6, 8, 9, 10, 15], [6, 2, 6, 8, 9, 11, 14], [6, 3, 7, 8, 9, 10, 15], [6, 5, 6, 7, 8, 9, 11], [6, 4, 6, 7, 8, 9, 10], [2, 5, 11], [2, 4, 10], [6, 2, 4, 7, 10, 11, 14], [4, 3, 4, 6, 15], [4, 2, 5, 7, 14], [6, 3, 5, 6, 10, 11, 15], [8, 2, 4, 6, 8, 9, 10, 11, 14], [6, 3, 4, 7, 8, 9, 15], [6, 2, 5, 6, 8, 9, 14], [8, 3, 5, 7, 8, 9, 10, 11, 15], [8, 2, 4, 5, 6, 8, 9, 10, 14], [8, 3, 4, 5, 7, 8, 9, 11, 15], [8, 2, 3, 6, 7, 10, 11, 14, 15]]
unique_position:  [2, 3, 4, 5, 6, 7, 8, 9, 10, 11, 14, 15]
remaining_positions:  [0, 1, 12, 13]
Num_params:  93
simulator options:
{'initial_state': 'allzero', 'device': 'cpu', 'n_threads': 32}
mps options:
{'max_bond_dimension': 64, 'cut_threshold': 1e-06, 'algorithm': 'vidal'}
Start optimization.
Number of qubits: 16
Number of parameters: 93
Energy: -152.39059266620836
Energy: -152.53223691017405
Energy: -152.63655032835368
Energy: -152.75516979235434
Energy: -152.755185601452
Energy: -152.75819410975285
Energy: -152.75819410975276
Energy: -152.75322554208012
Energy: -152.7581941097529
Energy: -152.7503901155168
Energy: -152.75945619814098
Energy: -152.76014849377793
Energy: -152.75971208478185
Energy: -152.75977903438218
Energy: -152.7597790343822
Energy: -152.75971208478185
Energy: -152.76014849377813
Energy: -152.76014849377802
Energy: -152.76014849377833
Energy: -152.76014849377808
Energy: -152.76014849377822
Energy: -152.75412893099755
Energy: -152.76014849377836
Energy: -152.75372554407156
Energy: -152.76014849377822
Energy: -152.7601484937781
Energy: -152.76014849377813
Energy: -152.76014849377816
Energy: -152.72225305806327
Energy: -152.74336034578715
Energy: -152.7685105706497
Energy: -152.7987690617203
Energy: -152.7536407807998
Energy: -152.8052129160203
Energy: -152.81417403072086
Energy: -153.02702544845397
Energy: -153.02114555364207
Energy: -153.023212709484
Energy: -153.02114555364193
Energy: -153.0232127094842
Energy: -153.15047484636818
Energy: -153.132272303793
Energy: -153.1322723037931
Energy: -153.14470428189435
Energy: -153.1446785741455
Energy: -153.13590348634753
Energy: -153.10968220731775
Energy: -153.13886909563922
Energy: -153.1171198167228
Energy: -153.1704291612645
Energy: -153.12285372731782
Energy: -153.190174824566
Energy: -153.12261001757307
Energy: -153.18745743384764
Energy: -153.18134053064648
Energy: -153.1880189312934
Energy: -153.1862684177796
Energy: -153.18876998309224
Energy: -153.19002129712425
Energy: -153.17901098372366
Energy: -153.14334436581845
Energy: -153.1487894734055
Energy: -153.1486182771544
Energy: -153.1867654570611
Energy: -153.1447116544561
Energy: -153.18483631748094
Energy: -153.1720313636948
Energy: -153.18698986630025
Energy: -153.09911667369153
Energy: -153.18676102923357
Energy: -153.0993108135854
Energy: -153.18954451923048
Energy: -153.1744552759145
Energy: -153.17442575113495
Energy: -153.1529947648626
Energy: -153.1768958457737
Energy: -153.14622876274575
Energy: -153.07213620048546
Energy: -153.10470980264682
Energy: -153.190174824566
Energy: -153.18990077442177
Energy: -153.1905316142439
Energy: -153.19546318606533
Energy: -153.18768981125112
Energy: -153.19035805390237
Energy: -153.19473368173587
Energy: -153.1272440211483
Energy: -153.19546318606524
Energy: -153.19000181022474
Energy: -153.18931539850468
Energy: -153.19155853478588
Energy: -153.19546318606533
Energy: -153.19546318606533
Energy: -153.19546318606533
Energy: -153.0343071247355
Energy: -153.1388028524705
Energy: -153.3451528141645
Energy: -153.32143851997031
Energy: -153.35803097450565
Energy: -153.18758870557204
Energy: -153.33663782912748
Energy: -153.2576195694449
Energy: -153.37100795088892
Energy: -153.2982399575901
Energy: -153.3710079508888
Energy: -153.28468790566097
Energy: -153.37100795088878
Energy: -153.26792869099495
Energy: -153.35869516349663
Energy: -153.35781919253284
Energy: -153.33219611335954
Energy: -153.35352535989492
Energy: -153.3678653910212
Energy: -153.36691671376457
Energy: -153.36655787287543
Energy: -153.36588801015725
Energy: -153.37040092234423
Energy: -153.36347094456363
Energy: -153.3680783906544
Energy: -153.35959364949625
Energy: -153.3710079508889
Energy: -153.36422952634067
Energy: -153.37102315026885
Energy: -153.363005241911
Energy: -153.36569246428175
Energy: -153.3105099962232
Energy: -153.35453026523808
Energy: -153.33417586974448
Energy: -153.3793749620561
Energy: -153.3389111068389
Energy: -153.3670922351841
Energy: -153.36783699069946
Energy: -153.36778075275257
Energy: -153.36914670162818
Energy: -153.37937496205564
Energy: -153.35996809234837
Energy: -153.3751858860458
Energy: -153.36005397055
Energy: -153.37937496242822
Energy: -153.34520447743665
Energy: -153.37650114381628
Energy: -153.3658522947945
Energy: -153.37927701476522
Energy: -153.3721593640598
Energy: -153.36028711936288
Energy: -153.2588697600242
Energy: -153.3524098859148
Energy: -153.27257624122717
Energy: -153.35685724283456
Energy: -153.26285338868067
Energy: -153.36665240802395
Energy: -153.32066342205914
Energy: -153.37449563260137
Energy: -153.35077312503464
Energy: -153.37556652030534
Energy: -153.35282063817348
Energy: -153.37581876423266
Energy: -153.36448959945284
Energy: -153.37576680604732
Energy: -153.36301679374645
Energy: -153.3746364853883
Energy: -153.37162836910528
Energy: -153.3781807509652
Energy: -153.37161756342007
Energy: -153.37922640958536
Energy: -153.37735555651665
Energy: -153.3791204290684
Energy: -153.37787851095928
Energy: -153.37927407974502
Energy: -153.37818182457966
Energy: -153.38284709117178
Energy: -153.37153040198186
Energy: -153.38275137137492
Energy: -153.09845337416942
Energy: -153.36639789246377
Energy: -153.2910849138743
Energy: -153.38284709117178
Energy: -153.29557069150823
Energy: -153.38331374913838
Energy: -153.3584801534623
Energy: -153.3895234669054
Energy: -153.37717793449693
Energy: -153.3874666023167
Energy: -153.29328072177577
Energy: -153.3714265392652
Energy: -153.3235402536512
Energy: -153.37294043563477
Energy: -153.3493897206492
Energy: -153.3870303796236
Energy: -153.33389322295454
Energy: -153.3639474546494
Energy: -153.38625229074057
Energy: -153.37772436233658
Energy: -153.38942957862338
Energy: -153.39087738192995
Energy: -153.39144324367425
Energy: -153.38866704917436
Energy: -153.39233227761164
Energy: -153.38878272311683
Energy: -153.39234903443645
Energy: -153.3864471376476
Energy: -153.39232918776574
Energy: -153.35557148032902
Energy: -153.389249380744
Energy: -153.37534048811918
Energy: -153.39426327888353
Energy: -153.3841653895262
Energy: -153.3962111253865
Energy: -153.3899674304894
Energy: -153.3966364820775
Energy: -153.38593877464163
Energy: -153.39673392758783
Energy: -153.3939853336312
Energy: -153.396568930938
Energy: -153.3973769549582
Energy: -153.3969269391883
Energy: -153.39487801552764
Energy: -153.39312086898244
Energy: -153.39713153580922
Energy: -153.38908521766626
Energy: -153.38170918667316
Energy: -153.39216922089219
Energy: -153.3838127191098
Energy: -153.39752466124764
Energy: -153.35333414022136
Energy: -153.39716474651306
Energy: -153.3905551536053
Energy: -153.39481724631176
Energy: -153.38491865603308
Energy: -153.3978336396118
Energy: -153.39345134856185
Energy: -153.39654033534475
Energy: -153.3966751586485
Energy: -153.3966465415807
Energy: -153.3986374431858
Energy: -153.39889996697295
Energy: -153.39828104209533
Energy: -153.39889996697264
Energy: -153.39717856036378
Energy: -153.39950200831737
Energy: -153.40001359961647
Energy: -153.40007952389197
Energy: -153.40027044715166
Energy: -153.39963612904955
Energy: -153.40033722419759
Energy: -153.38363286572405
Energy: -153.34606421563873
Energy: -153.40310551486897
Energy: -153.37073365598215
Energy: -153.40641139580532
Energy: -153.39595016181212
Energy: -153.400406426131
Energy: -153.40880071379695
Energy: -153.4077315802357
Energy: -153.39913699207966
Energy: -153.40819562555478
Energy: -153.38987780989902
Energy: -153.40666922409085
Energy: -153.38919260552652
Energy: -153.40296854805743
Energy: -153.38796021628212
Energy: -153.4040930988006
Energy: -153.3844692336904
Energy: -153.40820012398865
Energy: -153.39308464119136
Energy: -153.40856680272168
Energy: -153.4083825012872
Energy: -153.40891375149894
Energy: -153.40794233268844
Energy: -153.40815422527018
Energy: -153.40478958681314
Energy: -153.40883256671341
Energy: -153.40137641025743
Energy: -153.40899397025987
Energy: -153.38214136147292
Energy: -153.40919086665167
Energy: -153.39200021363825
Energy: -153.40914468773838
Energy: -153.3912685240732
Energy: -153.4096577576309
Energy: -153.40115444438
Energy: -153.40971493624338
Energy: -153.4068815585788
Energy: -153.4061499824453
Energy: -153.4074607239901
Energy: -153.4088709927407
Energy: -153.40395645113202
Energy: -153.40969999766932
Energy: -153.40822276183604
Energy: -153.40885875716663
Energy: -153.40629817325126
Energy: -153.40311630821807
Energy: -153.3800873873512
Energy: -153.40842321903222
Energy: -153.40650717788645
Energy: -153.41064455954833
Energy: -153.39163936433192
Energy: -153.41063681050443
Energy: -153.39748303248948
Energy: -153.41066312794527
Energy: -153.404375380899
Energy: -153.4106477951698
Energy: -153.403638281557
Energy: -153.4094998669128
Energy: -153.40820468459603
Energy: -153.41148195607218
Energy: -153.3943880679966
Energy: -153.4116853493377
Energy: -153.3965227727541
Energy: -153.4114622303193
Energy: -153.38244741571052
Energy: -153.41128774665447
Energy: -153.4070313085432
Energy: -153.41183474217283
Energy: -153.40775585872734
Energy: -153.40630599258543
Energy: -153.4108316047603
Energy: -153.4118096454369
Energy: -153.38201178223875
Energy: -153.4094318774009
Energy: -153.3943239161174
Energy: -153.41196647673337
Energy: -153.39808187515436
Energy: -153.41168838214242
Energy: -153.4102924665597
Energy: -153.40905424249775
Energy: -153.4127852840979
Energy: -153.41265304742836
Energy: -153.41047469700732
Energy: -153.41285718040098
Energy: -153.41107471378444
Energy: -153.41285718040137
Energy: -153.41206597722683
Energy: -153.41279618972695
Energy: -153.41154574706246
Energy: -153.41284630360332
Energy: -153.41159929755216
Energy: -153.41284409810987
Energy: -153.36284875558218
Energy: -153.41292833343795
Energy: -153.389572935178
Energy: -153.41366510610533
Energy: -153.3845748127874
Energy: -153.4119788921324
Energy: -153.40186678262026
Energy: -153.4120674276517
Energy: -153.38952961066832
Energy: -153.40666655190506
Energy: -153.38832582561628
Energy: -153.41016258665223
Energy: -153.3927231065494
Energy: -153.4127020671722
Energy: -153.4079957596003
Energy: -153.41343081714706
Energy: -153.40630107043478
Energy: -153.41402822016673
Energy: -153.40882341816257
Energy: -153.41338406645318
Energy: -153.3741320118538
Energy: -153.41329639777058
Energy: -153.39914208345368
Energy: -153.4110746472188
Energy: -153.39507551487392
Energy: -153.41375333915556
Energy: -153.4020766113691
Energy: -153.4142348449929
Energy: -153.37644211234223
Energy: -153.4135763400644
Energy: -153.3808808623423
Energy: -153.4140021031945
Energy: -153.4078631862449
Energy: -153.4141131902065
Energy: -153.41196407890703
Energy: -153.41411140391492
Energy: -153.40868580484567
Energy: -153.4101153327312
Energy: -153.40895243148097
Energy: -153.4152095051353
Energy: -153.41212395601966
Energy: -153.4151145431785
Energy: -153.40452030627458
Energy: -153.41538492527516
Energy: -153.4115802135522
Energy: -153.4153718101792
Energy: -153.41276910418296
Energy: -153.41448919384055
Energy: -153.40551762201383
Energy: -153.41357554522102
Energy: -153.39814484180675
Energy: -153.41474111589022
Energy: -153.4054303409231
Energy: -153.4150329144241
Energy: -153.3801640657733
Energy: -153.41082229472727
Energy: -153.40319118738992
Energy: -153.41536896102716
Energy: -153.40812633151813
Energy: -153.41533488747677
Energy: -153.41509174359928
Energy: -153.41373744017827
Energy: -153.38618065377838
Energy: -153.41326402678663
Energy: -153.40495137407424
Energy: -153.4123482647729
Energy: -153.4127245425618
Energy: -153.4155785235766
Energy: -153.41200648893712
Energy: -153.41395011026788
Energy: -153.40646101132108
Energy: -153.41564222065085
Energy: -153.3963672875387
Energy: -153.41565186171616
Energy: -153.41498190635315
Energy: -153.41584502409054
Energy: -153.41376369675388
Energy: -153.41586232448964
Energy: -153.4110993971941
Energy: -153.4156849149108
Energy: -153.41530217363257
Energy: -153.41542003405357
Energy: -153.39962794003378
Energy: -153.41570763270028
Energy: -153.4133256601284
Energy: -153.41591689764658
Energy: -153.4145322354524
Energy: -153.41508629950144
Energy: -153.4118190844694
Energy: -153.41609391600196
Energy: -153.3622914880101
Energy: -153.4160893574322
Energy: -153.39111190149958
Energy: -153.41393835641625
Energy: -153.39430048972918
Energy: -153.40894759414033
Energy: -153.4160871564405
Energy: -153.41055759232998
Energy: -153.41612498594807
Energy: -153.4106353196642
Energy: -153.41591361234114
Energy: -153.41492364389572
Energy: -153.4160272897365
Energy: -153.41448545801
Energy: -153.41610925160614
Energy: -153.4116655359575
Energy: -153.41607719908643
Energy: -153.41428009739704
Energy: -153.41365949466356
Energy: -153.41116236038695
Energy: -153.41615021479637
Energy: -153.40586866792864
Energy: -153.41616891911423
Energy: -153.41211547675243
Energy: -153.41565257402362
Energy: -153.41186056903453
Energy: -153.4161601245809
Energy: -153.4137397377166
Energy: -153.41564457877388
Energy: -153.41492751327567
Energy: -153.41629339523928
Energy: -153.41431909264182
Energy: -153.41612339499184
Energy: -153.4138683182807
Energy: -153.4158410502656
Energy: -153.4099819752011
Energy: -153.41533289522204
Energy: -153.41350065866317
Energy: -153.41676185333318
Energy: -153.4143357887114
Energy: -153.41633005672608
Energy: -153.4143408927482
Energy: -153.41671712975364
Energy: -153.41654802110165
Energy: -153.4154921374236
Energy: -153.4120064251304
Energy: -153.41341141616812
Energy: -153.41168173431075
Energy: -153.41657419985907
Energy: -153.41370176384083
Energy: -153.4161785831091
Energy: -153.41511655483635
Energy: -153.4164221766296
Energy: -153.41450001321817
Energy: -153.41693410954258
Energy: -153.4123326061557
Energy: -153.4167149790367
Energy: -153.41482043675782
Energy: -153.4166402207786
Energy: -153.4151927108911
Energy: -153.41687433431514
Energy: -153.41068419201892
Energy: -153.41689256983756
Energy: -153.412520711349
Energy: -153.41709894916286
Energy: -153.41751552234248
Energy: -153.41779283527245
Energy: -153.41418547497085
Energy: -153.41538403282286
Energy: -153.41514673037696
Energy: -153.41744272675618
Energy: -153.41641079512482
Energy: -153.41767851482112
Energy: -153.4172823635476
Energy: -153.41770081735203
Energy: -153.4171088833356
Energy: -153.41761934730476
Energy: -153.4171401418222
Energy: -153.41715143826428
Energy: -153.41499454573588
Energy: -153.41751259736265
Energy: -153.41623302510678
Energy: -153.41801147194872
Energy: -153.41699892740283
Energy: -153.4180233811403
Energy: -153.41771768512032
Energy: -153.418024375118
Energy: -153.40802473270645
Energy: -153.4169614899562
Energy: -153.414646332794
Energy: -153.41794376913657
Energy: -153.41101294401636
Energy: -153.41803538370658
Energy: -153.41253926634442
Energy: -153.41795966449476
Energy: -153.41708869385255
Energy: -153.41795327906166
Energy: -153.41746568998286
Energy: -153.41781482322645
Energy: -153.41303636115902
Energy: -153.41814206442623
Energy: -153.41349583363936
Energy: -153.41806401321114
Energy: -153.41505566497466
Energy: -153.41822625651463
Energy: -153.41450537562037
Energy: -153.41759000091488
Energy: -153.41084342735473
Energy: -153.41682738803578
Energy: -153.41301657461128
Energy: -153.41807142600527
Energy: -153.41544014368745
Energy: -153.41825421344643
Energy: -153.41148278104728
Energy: -153.41777331312556
Energy: -153.4151166981338
Energy: -153.41790069171165
Energy: -153.4162384512786
Energy: -153.41850809260075
Energy: -153.41284537217993
Energy: -153.4185323527309
Energy: -153.4137382380071
Energy: -153.41857017492438
Energy: -153.41553523104
Energy: -153.41851110775673
Energy: -153.41627363211873
Energy: -153.41855236014362
Energy: -153.41548111878456
Energy: -153.41836755621082
Energy: -153.41705163263074
Energy: -153.41859010728692
Energy: -153.41427106776325
Energy: -153.41788212182092
Energy: -153.41459060391148
Energy: -153.4179105884737
Energy: -153.41451390485332
Energy: -153.41836171294398
Energy: -153.4169555192674
Energy: -153.41858277247883
Energy: -153.41684632249482
Energy: -153.41859652878833
Energy: -153.41742810778658
Energy: -153.41831900327577
Energy: -153.41676003055184
Energy: -153.41853734818773
Energy: -153.40989161059753
Energy: -153.4167098824709
Energy: -153.41572175118745
Energy: -153.41791100625022
Energy: -153.4163850582969
Energy: -153.41831097623032
Energy: -153.41779612234822
Energy: -153.4181565495769
Energy: -153.4180711399296
Energy: -153.41834396829333
Energy: -153.41781692069918
Energy: -153.41849608133236
Energy: -153.41827956458283
Energy: -153.418458953464
Energy: -153.41800716492392
Energy: -153.41841310504694
Energy: -153.41611090039842
Energy: -153.41837418034945
Energy: -153.4156803085731
Energy: -153.41784340511794
Energy: -153.41771502571098
Energy: -153.4183829303428
Energy: -153.41643564226447
Energy: -153.41753349987852
Energy: -153.41052497307862
Energy: -153.41735813572345
Energy: -153.41646589290832
Energy: -153.41723431001557
Energy: -153.41461316289278
Energy: -153.4181473678479
Energy: -153.4179929828614
Energy: -153.4173139206249
Energy: -153.41869252596544
Energy: -153.41767506074456
Energy: -153.41873769876133
Energy: -153.4183344575129
Energy: -153.4185172832627
Energy: -153.41789918242927
Energy: -153.4188339132066
Energy: -153.41926947599444
Energy: -153.41936127632394
Energy: -153.4185644949828
Energy: -153.4192768425678
Energy: -153.41905813196465
Energy: -153.41932787575038
Energy: -153.41913645381482
Energy: -153.41908179692902
Energy: -153.41948300509307
Energy: -153.41950946040387
Energy: -153.4186582095892
Energy: -153.41952176207144
Energy: -153.41776156944354
Energy: -153.41965320360262
Energy: -153.4182620284176
Energy: -153.41922134010449
Energy: -153.41947164388554
Energy: -153.41961392347864
Energy: -153.4173423166729
Energy: -153.41966823510677
Energy: -153.41929622564612
Energy: -153.41974101880916
Energy: -153.4190834382669
Energy: -153.41970225890915
Energy: -153.4187397808043
Energy: -153.41966184117504
Energy: -153.41924003710082
Energy: -153.41953175402574
Energy: -153.41866716054045
Energy: -153.41964265291296
Energy: -153.41932479842683
Energy: -153.4187125912838
Energy: -153.41989326606281
Energy: -153.4197706983594
Energy: -153.4197795249952
Energy: -153.42007957926464
Energy: -153.41966763056374
Energy: -153.4199833800942
Energy: -153.41882785657344
Energy: -153.419778069831
Energy: -153.41905174937656
Energy: -153.41995778599488
Energy: -153.41799542781632
Energy: -153.41972030603463
Energy: -153.4191279414724
Energy: -153.4196108234429
Energy: -153.420326498692
Energy: -153.41999336013208
Energy: -153.42019013507942
Energy: -153.41978990427756
Energy: -153.41973234015603
Energy: -153.41982751243347
Energy: -153.42010834337896
Energy: -153.420238750481
Energy: -153.42003793223253
Energy: -153.42024513423834
Energy: -153.4202669253997
Energy: -153.42031602855815
Energy: -153.42012909028685
Energy: -153.4203261305071
Energy: -153.42023192713245
Energy: -153.42035945735506
Energy: -153.42022686997103
Energy: -153.42034791091356
Energy: -153.4203067577256
Energy: -153.42014345691751
Energy: -153.41986616892413
Energy: -153.42035858519398
Energy: -153.42009510787585
Energy: -153.41984152614748
Energy: -153.4199276144378
Energy: -153.42005736300692
Energy: -153.41895062848167
Energy: -153.4202390723335
Energy: -153.41891089566275
Energy: -153.4203612948038
Energy: -153.41963199070895
Energy: -153.42022748856257
Energy: -153.420266666424
Energy: -153.42027428962135
Energy: -153.42033018153433
Energy: -153.42001325128402
Energy: -153.41959295190503
Energy: -153.42041155949548
Energy: -153.4204839088733
Energy: -153.42052533082003
Energy: -153.42042443280206
Energy: -153.42060765181975
Energy: -153.41938145326264
Energy: -153.42077156481633
Energy: -153.41989010191324
Energy: -153.4206784698183
Energy: -153.42037666220102
Energy: -153.42080119819786
Energy: -153.42032936216626
Energy: -153.42077091181602
Energy: -153.42041140505512
Energy: -153.42084181603167
Energy: -153.42059876095277
Energy: -153.42076906864932
Energy: -153.42067820939454
Energy: -153.42075169743177
Energy: -153.42047165805553
Energy: -153.42052296352605
Energy: -153.42015588896453
Energy: -153.42016018691317
Energy: -153.41948436852184
Energy: -153.42081375209645
Energy: -153.4193964304122
Energy: -153.42085295088455
Energy: -153.42064640650858
Energy: -153.42105209322224
Energy: -153.41938098310192
Energy: -153.4212542012079
Energy: -153.42001137628404
Energy: -153.42126056476542
Energy: -153.42041690315298
Energy: -153.4212172657964
Energy: -153.42125287503364
Energy: -153.4212015282902
Energy: -153.4204049974224
Energy: -153.42121895003348
Energy: -153.4193825055209
Energy: -153.42100558118355
Energy: -153.41960294905255
Energy: -153.42141533785295
Energy: -153.42065251357658
Energy: -153.42146832133153
Energy: -153.42042406576635
Energy: -153.4215431656088
Energy: -153.4210021649249
Energy: -153.42162949799797
Energy: -153.42101923543711
Energy: -153.4215086002668
Energy: -153.42098933274988
Energy: -153.42152169098412
Energy: -153.42075402608887
Energy: -153.42125187895397
Energy: -153.42069876663663
Energy: -153.42134905880243
Energy: -153.42113531905696
Energy: -153.42134120388266
Energy: -153.4214992854576
Energy: -153.42157863048882
Energy: -153.42142209251972
Energy: -153.421588310998
Energy: -153.42159681890936
Energy: -153.4217015700393
Energy: -153.42073188259744
Energy: -153.42170043367906
Energy: -153.42066011939454
Energy: -153.4217565656019
Energy: -153.4209025053671
Energy: -153.42166915591866
Energy: -153.42103799435696
Energy: -153.4217603558615
Energy: -153.42131479620141
Energy: -153.42166372339113
Energy: -153.42094328786862
Energy: -153.42175846361926
Energy: -153.42102934195032
Energy: -153.4214825830819
Energy: -153.42114379044688
Energy: -153.42182353330276
Energy: -153.420913449955
Energy: -153.42182327892016
Energy: -153.42042678862074
Energy: -153.42178121512083
Energy: -153.42136619749618
Energy: -153.42178738489258
Energy: -153.42102436215907
Energy: -153.42183310831842
Energy: -153.42054918834373
Energy: -153.42182957155163
Energy: -153.42137276098035
Energy: -153.42181309480213
Energy: -153.42152848546556
Energy: -153.42179943915647
Energy: -153.42172091543588
Energy: -153.4217910571981
Energy: -153.42068464224644
Energy: -153.42183646530373
Energy: -153.42071805633995
Energy: -153.42169998513828
Energy: -153.42113549991706
Energy: -153.42182464533718
Energy: -153.42145199731712
Energy: -153.42169331028933
Energy: -153.42165897366667
Energy: -153.4216097220339
Energy: -153.42104286064108
Energy: -153.42151112075044
Energy: -153.4199560261339
Energy: -153.42166823031306
Energy: -153.42101726977407
Energy: -153.42164678065132
Energy: -153.4210635323961
Energy: -153.4218267778633
Energy: -153.42046833541724
Energy: -153.4216231160077
Energy: -153.42107961045411
Energy: -153.42182519787036
Energy: -153.42152931195045
Energy: -153.4216930006438
Energy: -153.42080169367176
Energy: -153.42133169325808
Energy: -153.42070770859328
Energy: -153.42169825149304
Energy: -153.42189593511725
Energy: -153.42188723376788
Energy: -153.42192436303185
Energy: -153.42182230277032
Energy: -153.42190818741338
Energy: -153.42192083833712
Energy: -153.42192045052016
Energy: -153.42192907976784
Energy: -153.42196639864832
Energy: -153.421841921411
Energy: -153.42197786520126
Energy: -153.42168426867212
Energy: -153.42192153268607
Energy: -153.4218166576001
Energy: -153.42196375094795
Energy: -153.4218473422634
Energy: -153.42196919794287
Energy: -153.42174489419438
Energy: -153.4219723026277
Energy: -153.42185088598995
Energy: -153.42193502629837
Energy: -153.42182010483808
Energy: -153.42199564134214
Energy: -153.42185517913342
Energy: -153.42201220148343
Energy: -153.42201632017677
Energy: -153.42208648471544
Energy: -153.4218888471398
Energy: -153.42201716688677
Energy: -153.4219557309145
Energy: -153.42209885203997
Energy: -153.42198233400336
Energy: -153.4220845923629
Energy: -153.421894325265
Energy: -153.4221071396262
Energy: -153.42212590620488
Energy: -153.42202433650664
Energy: -153.42206177926514
Energy: -153.42209905237223
Energy: -153.422073888619
Energy: -153.42203366709043
Energy: -153.42180389107162
Energy: -153.42218797132315
Energy: -153.4220972393014
Energy: -153.42217970191274
Energy: -153.42210032035695
Energy: -153.42213774942482
Energy: -153.4218764764959
Energy: -153.42218774605962
Energy: -153.42184967927105
Energy: -153.4221148049542
Energy: -153.4218958477896
Energy: -153.42220299531095
Energy: -153.42193399560207
Energy: -153.42224669907472
Energy: -153.42171427020338
Energy: -153.42223374735886
Energy: -153.42200373873163
Energy: -153.4222813599554
Energy: -153.42198966451883
Energy: -153.4222244891911
Energy: -153.42213137055217
Energy: -153.42214794744723
Energy: -153.42238102390772
Energy: -153.42236221038237
Energy: -153.42224454832535
Energy: -153.42237216706255
Energy: -153.42238690176512
Energy: -153.42240022442877
Energy: -153.42230294874636
Energy: -153.4223855298252
Energy: -153.4223893942785
Energy: -153.42240937631584
Energy: -153.4220696038976
Energy: -153.42240424735294
Energy: -153.4222960995577
Energy: -153.42242362168497
Energy: -153.42217434278248
Energy: -153.42244457185785
Energy: -153.42211670532163
Energy: -153.42245572144412
Energy: -153.4223541570888
Energy: -153.42245502364102
Energy: -153.422257954249
Energy: -153.42248036084587
Energy: -153.4224478828104
Energy: -153.42245441617123
Energy: -153.42240551171074
Energy: -153.42247299242436
Energy: -153.42215801502937
Energy: -153.42248636860015
Energy: -153.42239112793922
Energy: -153.42242010580108
Energy: -153.42244546719238
Energy: -153.42245767968632
Energy: -153.42246554361714
Energy: -153.42248844164473
Energy: -153.42242615498185
Energy: -153.42245225858275
Energy: -153.4223969011241
Energy: -153.42243670727828
Energy: -153.42221042501927
Energy: -153.42245987120722
Energy: -153.4222743080976
Energy: -153.422367704035
Energy: -153.42227454040074
Energy: -153.42242078333936
Energy: -153.42240076069476
Energy: -153.42249154372803
Energy: -153.42237397294952
Energy: -153.42240624441627
Energy: -153.4223924818066
Energy: -153.42247008961192
Energy: -153.42244628787589
Energy: -153.4224898767838
Energy: -153.42237864113048
Energy: -153.4224808940826
Energy: -153.42247819164137
Energy: -153.42250110873306
Energy: -153.42220020473746
Energy: -153.42243544505888
Energy: -153.42232169240407
Energy: -153.42233687187
Energy: -153.4222999795072
Energy: -153.4224293903536
Energy: -153.422238258073
Energy: -153.42249566054164
Energy: -153.42229662072634
Energy: -153.4225254700832
Energy: -153.42234073566928
Energy: -153.4224759086834
Energy: -153.42229805189984
Energy: -153.4224694998353
Energy: -153.42216521431519
Energy: -153.4224958735107
Energy: -153.42242222865255
Energy: -153.4224983818729
Energy: -153.42248290651412
Energy: -153.42245042551514
Energy: -153.42225507367425
Energy: -153.4223964301835
Energy: -153.42249061082782
Energy: -153.4224946479018
Energy: -153.42236895348321
Energy: -153.42250130382521
Energy: -153.4223108933181
Energy: -153.4224783015592
Energy: -153.42228225085736
Energy: -153.42252012819796
Energy: -153.42241570550573
Energy: -153.4224369350703
Energy: -153.4224836754295
Energy: -153.42248751955384
Energy: -153.42239846481294
Energy: -153.42244507250257
Energy: -153.42226344462134
Energy: -153.422535095382
Energy: -153.4224000657738
Energy: -153.4224828070372
Energy: -153.4224209972805
Energy: -153.4224993596296
Energy: -153.42233407795618
Energy: -153.42250056383642
Energy: -153.4222863160609
Energy: -153.42252511064873
Energy: -153.42237955120416
Energy: -153.42252859724454
Energy: -153.42238576187208
Energy: -153.42246933620558
Energy: -153.4223510496702
Energy: -153.42248904946186
Energy: -153.4225298695504
Energy: -153.4225041573254
Energy: -153.4225465618514
Energy: -153.4225399272155
Energy: -153.42255536559605
Energy: -153.4225484218873
Energy: -153.42255823280354
Energy: -153.4225345120005
Energy: -153.42254782486512
Optimized energy: -153.42255823280354
Optimized parameters:  [0.2755262328818497, 0.4017822345903999, 0.6754778626654883, 1.5315711522347386, 1.366708369078112, 0.15211893036150706, 0.0016388412376577561, 1.3169850426392573, 0.04240267799479037, 1.0992506250430776, 1.1136022577615523, -0.7293377545647365, 0.4664790115002195, 0.03465751739549794, 0.04328316802943762, 1.3177660922782888, 0.1688593005735963, 1.3140001300421293, 0.5155389168625255, -0.16830023478970071, 0.001417960127201671, 0.34541558387184834, -0.03602861840043774, 0.31652733956317375, -0.09809348858081139, -0.5049476621261205, -0.31867561891155566, 0.0014801992595516265, 0.006119655809407463, 1.5483993449984639, 1.1448950035488175, 0.11563939562116139, 0.7727238860735604, 0.2873597618179842, 1.1260634324853325, 0.1729389811134335, 0.16134062813412833, -0.5442186779202742, -0.04910661869137798, 1.1703596436042336, 0.1714781547441718, -0.37935642464778935, -0.16465555658213005, 0.016872852936137172, 0.16598782686414434, -0.03504419473836464, 0.12976983558611374, -0.1138309825168506, 0.7798500117233481, -0.01498592672067891, 1.3428725355384532, 0.0021996909640486615, -0.35429837355452004, 0.03075801085724296, -0.7828485384404947, -0.5996637955627749, 0.6499860271394178, 0.08081886066907122, -0.1620578940594294, 0.014824121278879589, -0.07357299686287977, -0.016719917582108806, -0.31484440812966374, -0.007694666713491656, -0.08116214624442737, 0.12995715770712374, -0.29136497062056693, -0.014772528240687944, -0.1257566799669179, -0.009499424291240219, -0.7643545212734921, 0.135354588539364, 0.07889578044555741, 0.03476743912919025, -0.005169473576268137, -0.08623014171998959, 0.013333394138467281, -0.0005265577927555374, 0.2893077152037464, 0.13295498034387546, 1.6777735935714646, 1.7704299063776088, -0.03687941548491958, -0.04920411147748749, -0.332173427924376, -0.009576175597038378, -0.19498126656754114, 0.3799992115204399, 0.21531252456475314, -0.08300029226467619, -0.692471290179014, 0.3582137530278129, -0.1302385906469428]
