/public/home/xzzeng/.local/lib/python3.8/site-packages/q2chem/qchem/transformation/_jordan_wigner.py:14: UserWarning: JIT: Compiling high-performance Jordan-Wigner kernel. Set environmental variable Q2CHEM_JIT to "NO" to disable JIT and use the Python-based Jordan-Wigner transformation.
  warnings.warn("JIT: Compiling high-performance Jordan-Wigner kernel. \
Using /public/home/xzzeng/.cache/torch_extensions/py38_cu121 as PyTorch extensions root...
Creating extension directory /public/home/xzzeng/.cache/torch_extensions/py38_cu121/_jordan_wigner_cpp_cpu...
Emitting ninja build file /public/home/xzzeng/.cache/torch_extensions/py38_cu121/_jordan_wigner_cpp_cpu/build.ninja...
Building extension module _jordan_wigner_cpp_cpu...
Allowing ninja to set a default number of workers... (overridable by setting the environment variable MAX_JOBS=N)
[1/2] c++ -MMD -MF _jordan_wigner_cpu.o.d -DTORCH_EXTENSION_NAME=_jordan_wigner_cpp_cpu -DTORCH_API_INCLUDE_EXTENSION_H -DPYBIND11_COMPILER_TYPE=\"_gcc\" -DPYBIND11_STDLIB=\"_libstdcpp\" -DPYBIND11_BUILD_ABI=\"_cxxabi1011\" -isystem /public/home/xzzeng/anaconda3/envs/quantum/lib/python3.8/site-packages/torch/include -isystem /public/home/xzzeng/anaconda3/envs/quantum/lib/python3.8/site-packages/torch/include/torch/csrc/api/include -isystem /public/home/xzzeng/anaconda3/envs/quantum/lib/python3.8/site-packages/torch/include/TH -isystem /public/home/xzzeng/anaconda3/envs/quantum/lib/python3.8/site-packages/torch/include/THC -isystem /public/home/xzzeng/anaconda3/envs/quantum/include/python3.8 -D_GLIBCXX_USE_CXX11_ABI=0 -fPIC -std=c++17 -O3 -std=c++17 -c /public/home/xzzeng/.local/lib/python3.8/site-packages/q2chem/qchem/transformation/_jordan_wigner_cpu.cpp -o _jordan_wigner_cpu.o 
FAILED: _jordan_wigner_cpu.o 
c++ -MMD -MF _jordan_wigner_cpu.o.d -DTORCH_EXTENSION_NAME=_jordan_wigner_cpp_cpu -DTORCH_API_INCLUDE_EXTENSION_H -DPYBIND11_COMPILER_TYPE=\"_gcc\" -DPYBIND11_STDLIB=\"_libstdcpp\" -DPYBIND11_BUILD_ABI=\"_cxxabi1011\" -isystem /public/home/xzzeng/anaconda3/envs/quantum/lib/python3.8/site-packages/torch/include -isystem /public/home/xzzeng/anaconda3/envs/quantum/lib/python3.8/site-packages/torch/include/torch/csrc/api/include -isystem /public/home/xzzeng/anaconda3/envs/quantum/lib/python3.8/site-packages/torch/include/TH -isystem /public/home/xzzeng/anaconda3/envs/quantum/lib/python3.8/site-packages/torch/include/THC -isystem /public/home/xzzeng/anaconda3/envs/quantum/include/python3.8 -D_GLIBCXX_USE_CXX11_ABI=0 -fPIC -std=c++17 -O3 -std=c++17 -c /public/home/xzzeng/.local/lib/python3.8/site-packages/q2chem/qchem/transformation/_jordan_wigner_cpu.cpp -o _jordan_wigner_cpu.o 
In file included from /public/home/xzzeng/anaconda3/envs/quantum/lib/python3.8/site-packages/torch/include/ATen/core/TensorBase.h:14,
                 from /public/home/xzzeng/anaconda3/envs/quantum/lib/python3.8/site-packages/torch/include/ATen/core/TensorBody.h:38,
                 from /public/home/xzzeng/anaconda3/envs/quantum/lib/python3.8/site-packages/torch/include/ATen/core/Tensor.h:3,
                 from /public/home/xzzeng/anaconda3/envs/quantum/lib/python3.8/site-packages/torch/include/ATen/Tensor.h:3,
                 from /public/home/xzzeng/anaconda3/envs/quantum/lib/python3.8/site-packages/torch/include/torch/csrc/autograd/function_hook.h:3,
                 from /public/home/xzzeng/anaconda3/envs/quantum/lib/python3.8/site-packages/torch/include/torch/csrc/autograd/cpp_hook.h:2,
                 from /public/home/xzzeng/anaconda3/envs/quantum/lib/python3.8/site-packages/torch/include/torch/csrc/autograd/variable.h:6,
                 from /public/home/xzzeng/anaconda3/envs/quantum/lib/python3.8/site-packages/torch/include/torch/csrc/autograd/autograd.h:3,
                 from /public/home/xzzeng/anaconda3/envs/quantum/lib/python3.8/site-packages/torch/include/torch/csrc/api/include/torch/autograd.h:3,
                 from /public/home/xzzeng/anaconda3/envs/quantum/lib/python3.8/site-packages/torch/include/torch/csrc/api/include/torch/all.h:7,
                 from /public/home/xzzeng/anaconda3/envs/quantum/lib/python3.8/site-packages/torch/include/torch/extension.h:5,
                 from /public/home/xzzeng/.local/lib/python3.8/site-packages/q2chem/qchem/transformation/_jordan_wigner_cpu.cpp:10:
/public/home/xzzeng/anaconda3/envs/quantum/lib/python3.8/site-packages/torch/include/c10/util/C++17.h:13:2: error: #error "You're trying to build PyTorch with a too old version of GCC. We need GCC 9 or later."
 #error \
  ^~~~~
ninja: build stopped: subcommand failed.
/public/home/xzzeng/.local/lib/python3.8/site-packages/q2chem/qchem/transformation/_jordan_wigner.py:26: UserWarning: Jordan-Wigner: JIT for CPU failed with error: Error building extension '_jordan_wigner_cpp_cpu'. Using python version instead.
  warnings.warn("Jordan-Wigner: JIT for CPU failed with error: {}. \
/public/home/xzzeng/.local/lib/python3.8/site-packages/q2chem/qcirc/qpu/simulator/_state_vector_simulator.py:55: UserWarning: JIT: Compiling high-performance state vector simulator. Set environmental variable Q2CHEM_JIT to "NO" to disable JIT and use the Python-based state vector simulator.
  warnings.warn("JIT: Compiling high-performance state vector simulator. \
Using /public/home/xzzeng/.cache/torch_extensions/py38_cu121 as PyTorch extensions root...
Creating extension directory /public/home/xzzeng/.cache/torch_extensions/py38_cu121/_apply_quantum_gate_cpp_cpu...
Emitting ninja build file /public/home/xzzeng/.cache/torch_extensions/py38_cu121/_apply_quantum_gate_cpp_cpu/build.ninja...
Building extension module _apply_quantum_gate_cpp_cpu...
Allowing ninja to set a default number of workers... (overridable by setting the environment variable MAX_JOBS=N)
[1/2] c++ -MMD -MF _state_vector_simulator_cpu.o.d -DTORCH_EXTENSION_NAME=_apply_quantum_gate_cpp_cpu -DTORCH_API_INCLUDE_EXTENSION_H -DPYBIND11_COMPILER_TYPE=\"_gcc\" -DPYBIND11_STDLIB=\"_libstdcpp\" -DPYBIND11_BUILD_ABI=\"_cxxabi1011\" -isystem /public/home/xzzeng/anaconda3/envs/quantum/lib/python3.8/site-packages/torch/include -isystem /public/home/xzzeng/anaconda3/envs/quantum/lib/python3.8/site-packages/torch/include/torch/csrc/api/include -isystem /public/home/xzzeng/anaconda3/envs/quantum/lib/python3.8/site-packages/torch/include/TH -isystem /public/home/xzzeng/anaconda3/envs/quantum/lib/python3.8/site-packages/torch/include/THC -isystem /public/home/xzzeng/anaconda3/envs/quantum/include/python3.8 -D_GLIBCXX_USE_CXX11_ABI=0 -fPIC -std=c++17 -std=c++17 -O3 -fopenmp -c /public/home/xzzeng/.local/lib/python3.8/site-packages/q2chem/qcirc/qpu/simulator/_state_vector_simulator_cpu.cpp -o _state_vector_simulator_cpu.o 
FAILED: _state_vector_simulator_cpu.o 
c++ -MMD -MF _state_vector_simulator_cpu.o.d -DTORCH_EXTENSION_NAME=_apply_quantum_gate_cpp_cpu -DTORCH_API_INCLUDE_EXTENSION_H -DPYBIND11_COMPILER_TYPE=\"_gcc\" -DPYBIND11_STDLIB=\"_libstdcpp\" -DPYBIND11_BUILD_ABI=\"_cxxabi1011\" -isystem /public/home/xzzeng/anaconda3/envs/quantum/lib/python3.8/site-packages/torch/include -isystem /public/home/xzzeng/anaconda3/envs/quantum/lib/python3.8/site-packages/torch/include/torch/csrc/api/include -isystem /public/home/xzzeng/anaconda3/envs/quantum/lib/python3.8/site-packages/torch/include/TH -isystem /public/home/xzzeng/anaconda3/envs/quantum/lib/python3.8/site-packages/torch/include/THC -isystem /public/home/xzzeng/anaconda3/envs/quantum/include/python3.8 -D_GLIBCXX_USE_CXX11_ABI=0 -fPIC -std=c++17 -std=c++17 -O3 -fopenmp -c /public/home/xzzeng/.local/lib/python3.8/site-packages/q2chem/qcirc/qpu/simulator/_state_vector_simulator_cpu.cpp -o _state_vector_simulator_cpu.o 
In file included from /public/home/xzzeng/anaconda3/envs/quantum/lib/python3.8/site-packages/torch/include/ATen/core/TensorBase.h:14,
                 from /public/home/xzzeng/anaconda3/envs/quantum/lib/python3.8/site-packages/torch/include/ATen/core/TensorBody.h:38,
                 from /public/home/xzzeng/anaconda3/envs/quantum/lib/python3.8/site-packages/torch/include/ATen/core/Tensor.h:3,
                 from /public/home/xzzeng/anaconda3/envs/quantum/lib/python3.8/site-packages/torch/include/ATen/Tensor.h:3,
                 from /public/home/xzzeng/anaconda3/envs/quantum/lib/python3.8/site-packages/torch/include/torch/csrc/autograd/function_hook.h:3,
                 from /public/home/xzzeng/anaconda3/envs/quantum/lib/python3.8/site-packages/torch/include/torch/csrc/autograd/cpp_hook.h:2,
                 from /public/home/xzzeng/anaconda3/envs/quantum/lib/python3.8/site-packages/torch/include/torch/csrc/autograd/variable.h:6,
                 from /public/home/xzzeng/anaconda3/envs/quantum/lib/python3.8/site-packages/torch/include/torch/csrc/autograd/autograd.h:3,
                 from /public/home/xzzeng/anaconda3/envs/quantum/lib/python3.8/site-packages/torch/include/torch/csrc/api/include/torch/autograd.h:3,
                 from /public/home/xzzeng/anaconda3/envs/quantum/lib/python3.8/site-packages/torch/include/torch/csrc/api/include/torch/all.h:7,
                 from /public/home/xzzeng/anaconda3/envs/quantum/lib/python3.8/site-packages/torch/include/torch/extension.h:5,
                 from /public/home/xzzeng/.local/lib/python3.8/site-packages/q2chem/qcirc/qpu/simulator/_state_vector_simulator_cpu.cpp:2:
/public/home/xzzeng/anaconda3/envs/quantum/lib/python3.8/site-packages/torch/include/c10/util/C++17.h:13:2: error: #error "You're trying to build PyTorch with a too old version of GCC. We need GCC 9 or later."
 #error \
  ^~~~~
ninja: build stopped: subcommand failed.
/public/home/xzzeng/.local/lib/python3.8/site-packages/q2chem/qcirc/qpu/simulator/_state_vector_simulator.py:80: UserWarning: StateVector: JIT for CPU failed with error: Error building extension '_apply_quantum_gate_cpp_cpu'. Using python version instead.
  warnings.warn("StateVector: JIT for CPU failed with error: {}. \
Using /public/home/xzzeng/.cache/torch_extensions/py38_cu121 as PyTorch extensions root...
Creating extension directory /public/home/xzzeng/.cache/torch_extensions/py38_cu121/_apply_quantum_gate_cpp_gpu...
Detected CUDA files, patching ldflags
/public/home/xzzeng/.local/lib/python3.8/site-packages/q2chem/qcirc/qpu/simulator/_state_vector_simulator.py:102: UserWarning: StateVector: JIT for GPU failed with error: CUDA_HOME environment variable is not set. Please set it to your CUDA install root.. Using python version instead.
  warnings.warn("StateVector: JIT for GPU failed with error: {}. \
filtered_states:  [('1111111110100000', -0.970478787, 0), ('1111101011110000', 0.16220816, 1), ('1101101111101000', -0.0658004978, 2), ('1101111010111000', 0.0658004978, 3), ('1110101111100100', 0.0582277954, 4), ('1110111010110100', -0.0582277954, 5), ('0111111110101000', -0.0444015109, 6), ('1100111110101100', 0.0442719255, 7), ('1101101111100010', 0.0413107736, 8), ('1101111010110010', -0.0413107736, 9)]
excitations:  [[4, 5, 7, 9, 11], [4, 2, 5, 9, 12], [4, 2, 7, 11, 12], [4, 3, 5, 9, 13], [4, 3, 7, 11, 13], [2, 0, 12], [4, 2, 3, 12, 13], [4, 2, 5, 9, 14], [4, 2, 7, 11, 14], [4, 2, 7, 11, 12], [4, 2, 5, 9, 12], [4, 3, 7, 11, 13], [4, 3, 5, 9, 13], [6, 0, 5, 7, 9, 11, 12], [8, 2, 3, 5, 7, 9, 11, 12, 13], [4, 2, 7, 11, 14], [4, 2, 5, 9, 14], [4, 5, 7, 9, 11], [4, 2, 3, 12, 13], [8, 2, 3, 5, 7, 9, 11, 12, 13], [8, 2, 3, 5, 7, 9, 11, 12, 13], [4, 2, 3, 12, 13], [4, 5, 7, 9, 11], [4, 0, 2, 5, 9], [4, 0, 2, 7, 11], [4, 3, 5, 9, 13], [4, 3, 7, 11, 13], [2, 12, 14], [6, 5, 7, 9, 11, 12, 14], [6, 5, 7, 9, 11, 12, 14], [2, 12, 14], [6, 0, 3, 5, 9, 12, 13], [6, 0, 3, 7, 11, 12, 13], [4, 2, 5, 9, 12], [4, 2, 7, 11, 12], [4, 2, 3, 13, 14], [8, 2, 3, 5, 7, 9, 11, 13, 14], [8, 2, 3, 5, 7, 9, 11, 13, 14], [4, 2, 3, 13, 14], [4, 0, 2, 3, 13], [6, 0, 2, 5, 9, 12, 14], [6, 0, 2, 7, 11, 12, 14], [6, 3, 5, 9, 12, 13, 14], [6, 3, 7, 11, 12, 13, 14], [4, 5, 7, 9, 11]]
unique_position:  [0, 2, 3, 5, 7, 9, 11, 12, 13, 14]
remaining_positions:  [1, 4, 6, 8, 10, 15]
Num_params:  74
simulator options:
{'initial_state': 'allzero', 'device': 'cpu', 'n_threads': 32}
mps options:
{'max_bond_dimension': 64, 'cut_threshold': 1e-06, 'algorithm': 'vidal'}
Start optimization.
Number of qubits: 16
Number of parameters: 74
Energy: -148.01230254769075
Energy: -148.27224256429923
Energy: -148.203596636989
Energy: -148.38378945361217
Energy: -148.33422250602572
Energy: -148.46315258204456
Energy: -148.30872461308925
Energy: -148.33374092016433
Energy: -148.3547590841896
Energy: -148.47511753675323
Energy: -148.62913541720167
Energy: -148.6215512243396
Energy: -148.68356482549814
Energy: -148.69377331260873
Energy: -148.48692405840902
Energy: -148.66217869091517
Energy: -148.60564445251754
Energy: -148.66294560899573
Energy: -148.69589945347738
Energy: -148.65317856209728
Energy: -148.56083967109328
Energy: -148.6263542411248
Energy: -148.60860618267645
Energy: -148.66502270837555
Energy: -148.60860618267657
Energy: -148.66502270837606
Energy: -148.62635424112423
Energy: -148.5608396710933
Energy: -148.69589945347687
Energy: -148.6958994534768
Energy: -148.72066757012783
Energy: -148.58544549696518
Energy: -148.77324303355553
Energy: -148.54718349793322
Energy: -148.703517504073
Energy: -148.54718349793288
Energy: -148.7035175040724
Energy: -148.70351750407258
Energy: -148.7732430335552
Energy: -148.7732229765563
Energy: -148.77324303355545
Energy: -148.77322297655613
Energy: -148.7939652891711
Energy: -148.5797132245903
Energy: -148.75189964822812
Energy: -148.70727351580058
Energy: -148.71678743959188
Energy: -148.70727351580055
Energy: -148.716787439592
Energy: -148.75189964822835
Energy: -148.79396528917107
Energy: -148.79396528917096
Energy: -148.69880469750262
Energy: -148.7939652891707
Energy: -148.69880469750302
Energy: -148.77739214958672
Energy: -148.72607750026694
Energy: -148.6251967199173
Energy: -148.72607750026683
Energy: -148.4859115872706
Energy: -148.7939652891711
Energy: -148.789701390324
Energy: -148.794087942968
Energy: -148.83962910941807
Energy: -148.8388528808346
Energy: -148.90522194527475
Energy: -148.8780110501716
Energy: -148.5366582650976
Energy: -148.89704418270438
Energy: -148.892378222609
Energy: -148.9052412417936
Energy: -148.8967490126782
Energy: -148.90577381342112
Energy: -148.8446669797366
Energy: -148.90588484859853
Energy: -148.67485265632783
Energy: -148.8349768375217
Energy: -148.78571289716496
Energy: -148.8618714732649
Energy: -148.85837626974762
Energy: -148.8922988170999
Energy: -148.7220976174856
Energy: -148.858818450187
Energy: -148.66629420128325
Energy: -148.86649290076568
Energy: -148.8319317168119
Energy: -148.88697233645138
Energy: -148.70623758177246
Energy: -148.93019413601257
Energy: -148.89479484250424
Energy: -148.91344979270798
Energy: -148.85208545013447
Energy: -148.9147613928752
Energy: -148.91499322552914
Energy: -148.9280014027461
Energy: -148.79284889786098
Energy: -148.89488616856866
Energy: -148.86221773109585
Energy: -148.92881642563017
Energy: -148.85430126532898
Energy: -148.94594776433837
Energy: -148.8693955989976
Energy: -148.9450491315574
Energy: -148.80463201180976
Energy: -148.94444826271834
Energy: -148.80147994814104
Energy: -148.95627585628822
Energy: -148.7497668551678
Energy: -148.93443753815063
Energy: -148.96182923556674
Energy: -148.9462650344339
Energy: -148.78790350963698
Energy: -148.95564252515257
Energy: -148.89685587149262
Energy: -148.9556440845747
Energy: -148.68953100014537
Energy: -148.9609810647402
Energy: -148.7630718301025
Energy: -148.9604308153851
Energy: -148.7727526443538
Energy: -148.96182923556674
Energy: -148.80305318127742
Energy: -148.9618292355665
Energy: -148.75868324485648
Energy: -148.9618292355673
Energy: -148.82039924245237
Energy: -148.96182923556717
Energy: -148.83534973733435
Energy: -148.96183591179934
Energy: -148.87441401623886
Energy: -148.95189611152182
Energy: -148.9213072956277
Energy: -148.959949955188
Energy: -148.91037954822747
Energy: -148.96026553275215
Energy: -148.93570314418855
Energy: -148.96136414959946
Energy: -148.93260633242392
Energy: -148.95893038985218
Energy: -148.91545661999913
Energy: -149.04039921676366
Energy: -148.65413505035124
Energy: -148.98490636338852
Energy: -148.81000499502255
Energy: -149.03897083985484
Energy: -148.98703979261745
Energy: -149.04096212450224
Energy: -148.74372289929318
Energy: -149.03680832498367
Energy: -148.8816216545627
Energy: -149.04055756274283
Energy: -148.85984808946708
Energy: -149.04131436095972
Energy: -148.88901838207946
Energy: -149.0138902041872
Energy: -149.03169214516785
Energy: -149.0162414615915
Energy: -148.95642516655866
Energy: -149.04001868955325
Energy: -148.8676407299458
Energy: -149.01773924816166
Energy: -148.98129310721265
Energy: -149.01020630136654
Energy: -148.96961875300047
Energy: -149.03924957990805
Energy: -148.98575707808644
Energy: -149.0315115730424
Energy: -148.94936710227066
Energy: -149.0179264692341
Energy: -148.97365919593793
Energy: -148.99763490389927
Energy: -149.0379052562849
Energy: -149.02833064186066
Energy: -149.03662706861118
Energy: -148.99970440161482
Energy: -149.0163718943986
Energy: -148.98360281326336
Energy: -149.03274947178272
Energy: -149.00340971999097
Energy: -149.02994838174507
Energy: -149.01357162148904
Energy: -149.030840179363
Energy: -149.00341970611825
Energy: -149.03397231221902
Energy: -149.02770501849835
Energy: -149.0400459735587
Energy: -149.02578208979952
Energy: -149.03617800923314
Energy: -149.01061512459754
Energy: -149.04032021009417
Energy: -149.01099572106259
Energy: -149.02419374365968
Energy: -149.0051364018591
Energy: -149.02723869829745
Energy: -149.0148830371313
Energy: -149.03478811150583
Energy: -149.00075023082252
Energy: -149.02538031289095
Energy: -149.02834993149457
Energy: -149.0500392618334
Energy: -149.02766391491315
Energy: -149.0553301961253
Energy: -149.02956513868435
Energy: -149.05415825954282
Energy: -149.0081008102558
Energy: -149.05502140661386
Energy: -149.03695048785352
Energy: -149.05135989165743
Energy: -149.01432933115703
Energy: -149.05473804743573
Energy: -149.05198546346622
Energy: -149.0525470822876
Energy: -149.03787697614717
Energy: -149.05657836630422
Energy: -148.98815411909877
Energy: -149.04322970447376
Energy: -149.04840059416736
Energy: -149.05959826136655
Energy: -149.0503475968654
Energy: -149.05491892640345
Energy: -148.99279082113077
Energy: -149.0499385922797
Energy: -149.05461958026464
Energy: -149.05669854743823
Energy: -149.03453315762204
Energy: -149.06681302654007
Energy: -148.99844509511865
Energy: -149.07571008996837
Energy: -149.07437845865212
Energy: -149.05899770986247
Energy: -149.06338316641174
Energy: -149.0902249019827
Energy: -149.05483108650847
Energy: -149.0889290789013
Energy: -149.07008730373508
Energy: -149.08189677782104
Energy: -149.1037303446882
Energy: -149.10189637617142
Energy: -149.0624542723801
Energy: -149.10347170846808
Energy: -149.0891423616378
Energy: -149.08896845403672
Energy: -149.0648376092924
Energy: -149.09889036132543
Energy: -149.09822945118879
Energy: -149.0894678891858
Energy: -149.07932037061065
Energy: -149.08447554212984
Energy: -149.1436886623974
Energy: -149.1396194232764
Energy: -149.14729861839754
Energy: -149.14867640961833
Energy: -149.12880491602309
Energy: -149.12714364264997
Energy: -149.12974072493697
Energy: -149.1568162864789
Energy: -149.11085259132204
Energy: -149.15483279597169
Energy: -149.13803348371994
Energy: -149.1353742694832
Energy: -149.16357087897072
Energy: -149.15179334136783
Energy: -149.12720710689703
Energy: -149.15528697372207
Energy: -149.1504083185061
Energy: -149.1764638676962
Energy: -149.12537159148835
Energy: -149.19313336164004
Energy: -149.1803467778515
Energy: -149.1926975220408
Energy: -149.14244499177514
Energy: -149.19172916757216
Energy: -149.13918794134796
Energy: -149.1877706588827
Energy: -149.21114640138134
Energy: -149.19115101634347
Energy: -149.16103923794185
Energy: -149.21849473711768
Energy: -149.21032915957173
Energy: -149.217384156514
Energy: -149.18430705760804
Energy: -149.22106521784846
Energy: -149.20237939066874
Energy: -149.22543314289544
Energy: -149.23416813141205
Energy: -149.22762443548967
Energy: -149.20077194684768
Energy: -149.2394707046479
Energy: -149.23693260365565
Energy: -149.21175697233627
Energy: -149.21493268777414
Energy: -149.22894071231082
Energy: -149.23503783661454
Energy: -149.23615849332518
Energy: -149.23052417166213
Energy: -149.240099021997
Energy: -149.2411532201086
Energy: -149.2427177255216
Energy: -149.22545062674905
Energy: -149.21101160118096
Energy: -149.2464064896681
Energy: -149.23526023863764
Energy: -149.24091019724986
Energy: -149.2437456681733
Energy: -149.2270026196367
Energy: -149.21626364110642
Energy: -149.24614174412756
Energy: -149.24650964328808
Energy: -149.1956777312387
Energy: -149.24382367164947
Energy: -149.1874405431402
Energy: -149.23795391567248
Energy: -149.2907566047128
Energy: -149.30270668137825
Energy: -149.27992144182568
Energy: -149.30102837761436
Energy: -149.2720466147027
Energy: -149.28252029506822
Energy: -149.23721550031442
Energy: -149.28158196222276
Energy: -149.31458712508174
Energy: -149.31767730268467
Energy: -149.2994497484178
Energy: -149.32082562429446
Energy: -149.28752898959718
Energy: -149.32654401766632
Energy: -149.33371351272976
Energy: -149.3339102151736
Energy: -149.33759951530814
Energy: -149.32177998644696
Energy: -149.2958964446285
Energy: -149.3542086665798
Energy: -149.32716747674442
Energy: -149.35097159541456
Energy: -149.3366741992305
Energy: -149.3670124091523
Energy: -149.38685095868547
Energy: -149.35828696250283
Energy: -149.32694393990806
Energy: -149.37904248039553
Energy: -149.3444226010166
Energy: -149.38145068318894
Energy: -149.3801984352928
Energy: -149.40169490781065
Energy: -149.44689765368827
Energy: -149.43276223010363
Energy: -149.47082508142728
Energy: -149.44269169192785
Energy: -149.44446435708983
Energy: -149.47501548474236
Energy: -149.44291186937338
Energy: -149.46900541362243
Energy: -149.3492713382435
Energy: -149.47558785507383
Energy: -149.46258504932985
Energy: -149.47321169542798
Energy: -149.4618019899597
Energy: -149.4667841470771
Energy: -149.4678019517783
Energy: -149.48060560011083
Energy: -149.4885401921057
Energy: -149.4831956080567
Energy: -149.4756379067025
Energy: -149.4872376811638
Energy: -149.4983445215097
Energy: -149.5001085427781
Energy: -149.44537961389997
Energy: -149.49141009901686
Energy: -149.4680668597355
Energy: -149.49934032914499
Energy: -149.49793933077746
Energy: -149.49765924759188
Energy: -149.47719170943057
Energy: -149.4953785769904
Energy: -149.47731826624195
Energy: -149.4998777580456
Energy: -149.46618297267977
Energy: -149.50080041530668
Energy: -149.49172697959662
Energy: -149.4873819531576
Energy: -149.46260254873698
Energy: -149.49569068461906
Energy: -149.49580060728056
Energy: -149.4957948907535
Energy: -149.47514039090456
Energy: -149.4936707940054
Energy: -149.47573888662166
Energy: -149.4564281197616
Energy: -149.50150026707098
Energy: -149.5092064251976
Energy: -149.47508067091516
Energy: -149.51281085062448
Energy: -149.4702191051619
Energy: -149.49919203732622
Energy: -149.51243061122597
Energy: -149.50865197652632
Energy: -149.4949223321765
Energy: -149.50625112380138
Energy: -149.4592723754682
Energy: -149.51181750134248
Energy: -149.48910305542228
Energy: -149.47107105910246
Energy: -149.390474030007
Energy: -149.50414296440792
Energy: -149.50286643455667
Energy: -149.53146818278935
Energy: -149.50950249560464
Energy: -149.53599096537474
Energy: -149.46361116993765
Energy: -149.52968526077075
Energy: -149.49224280332007
Energy: -149.5239651982432
Energy: -149.5200770657843
Energy: -149.53259593229512
Energy: -149.5018290996839
Energy: -149.52472703099525
Energy: -149.50927133920817
Energy: -149.5200788263511
Energy: -149.45233514855903
Energy: -149.53383392499003
Energy: -149.4785444177643
Energy: -149.52452014889903
Energy: -149.45903121012057
Energy: -149.529801564092
Energy: -149.4990407894272
Energy: -149.5274475009801
Energy: -149.52516449818717
Energy: -149.5408376843603
Energy: -149.44913793862077
Energy: -149.55216514418126
Energy: -149.5518338573213
Energy: -149.555440113825
Energy: -149.55140790787115
Energy: -149.53745157142396
Energy: -149.56065756483332
Energy: -149.56166217250117
Energy: -149.5174739545533
Energy: -149.5528134453078
Energy: -149.52173945322383
Energy: -149.55909305627338
Energy: -149.46046392055183
Energy: -149.55252338890654
Energy: -149.5419217656165
Energy: -149.56016734522933
Energy: -149.55885147069182
Energy: -149.5619348668665
Energy: -149.55379613744566
Energy: -149.57131410995615
Energy: -149.56042066322308
Energy: -149.57234481936013
Energy: -149.56616003738878
Energy: -149.56867345669318
Energy: -149.5734101092246
Energy: -149.56557364982692
Energy: -149.57250351918265
Energy: -149.57310018308985
Energy: -149.50788506184037
Energy: -149.57354081877833
Energy: -149.54831450568457
Energy: -149.57137051787493
Energy: -149.55859021668718
Energy: -149.57058527184302
Energy: -149.57247582564224
Energy: -149.56423877568372
Energy: -149.5353914994056
Energy: -149.54018060987744
Energy: -149.5318576540823
Energy: -149.57129062763235
Energy: -149.56991986795757
Energy: -149.56863554145716
Energy: -149.56948934233705
Energy: -149.56563700094856
Energy: -149.552086091491
Energy: -149.5337359127404
Energy: -149.4944629624965
Energy: -149.56140395487628
Energy: -149.53196961927804
Energy: -149.57510876472824
Energy: -149.55268456913558
Energy: -149.57931413513472
Energy: -149.5231708270422
Energy: -149.5725713017293
Energy: -149.56693925127894
Energy: -149.57908080267686
Energy: -149.51567816412944
Energy: -149.57038129105513
Energy: -149.53472433738833
Energy: -149.57523466199908
Energy: -149.55180460065293
Energy: -149.5669229594812
Energy: -149.5696646922913
Energy: -149.5657071615559
Energy: -149.55870112612033
Energy: -149.57319051074631
Energy: -149.53344297716376
Energy: -149.58493408827115
Energy: -149.54224020804807
Energy: -149.57917311606394
Energy: -149.56357135067682
Energy: -149.5680423174479
Energy: -149.5618973394193
Energy: -149.56933283078652
Energy: -149.5590118814028
Energy: -149.58080452914388
Energy: -149.5691286248112
Energy: -149.54729786063706
Energy: -149.56663223003716
Energy: -149.57331769921677
Energy: -149.57319218971878
Energy: -149.5650301173815
Energy: -149.5189689912564
Energy: -149.57997352492453
Energy: -149.55602774982088
Energy: -149.57200630443333
Energy: -149.577187573187
Energy: -149.58832057644793
Energy: -149.58853470261974
Energy: -149.5865286893246
Energy: -149.5889285589433
Energy: -149.58735801963203
Energy: -149.58972353429786
Energy: -149.58640762564949
Energy: -149.59001320968522
Energy: -149.58855320481598
Energy: -149.5910360954665
Energy: -149.58655775483217
Energy: -149.59039594604576
Energy: -149.58384599549575
Energy: -149.59143361940656
Energy: -149.59067725964323
Energy: -149.58906857640116
Energy: -149.5627413217434
Energy: -149.59138205916588
Energy: -149.56739863760342
Energy: -149.58529205917762
Energy: -149.58082347173732
Energy: -149.5941859501753
Energy: -149.58135737886815
Energy: -149.59403521903832
Energy: -149.58305454317284
Energy: -149.59397023355558
Energy: -149.58865252465023
Energy: -149.5933384378294
Energy: -149.58728772244288
Energy: -149.58994686791925
Energy: -149.59279535970495
Energy: -149.5904465518799
Energy: -149.57706127756708
Energy: -149.59214045153993
Energy: -149.58328230207985
Energy: -149.59338246154996
Energy: -149.5881558427549
Energy: -149.5940257135591
Energy: -149.59445539691328
Energy: -149.5951656395721
Energy: -149.58347668101683
Energy: -149.59073943904335
Energy: -149.5929769753284
Energy: -149.59453185831597
Energy: -149.5908144396167
Energy: -149.5947624275368
Energy: -149.5856132366283
Energy: -149.58791800538614
Energy: -149.59352425971014
Energy: -149.5950537887979
Energy: -149.59016473216087
Energy: -149.5949267977376
Energy: -149.59149991449692
Energy: -149.59572469190152
Energy: -149.59533291785078
Energy: -149.59257604403527
Energy: -149.5962234853682
Energy: -149.59592933102272
Energy: -149.58821649822931
Energy: -149.58931267508794
Energy: -149.5882017984165
Energy: -149.59189868324776
Energy: -149.59366875460415
Energy: -149.5949013492971
Energy: -149.58851773764445
Energy: -149.59599589727793
Energy: -149.56677449779113
Energy: -149.5941204437233
Energy: -149.57224172503282
Energy: -149.5952876136919
Energy: -149.5849565191918
Energy: -149.5938792532961
Energy: -149.58849724479296
Energy: -149.59646143837796
Energy: -149.5913863433132
Energy: -149.5964382111294
Energy: -149.591303293323
Energy: -149.59808692001093
Energy: -149.5921281278177
Energy: -149.59808886361944
Energy: -149.59515888705388
Energy: -149.597315198913
Energy: -149.5915980846995
Energy: -149.59840567991083
Energy: -149.5835216676262
Energy: -149.5951166037087
Energy: -149.58609995685367
Energy: -149.59708600752901
Energy: -149.57687117407036
Energy: -149.5974521714461
Energy: -149.58765808989514
Energy: -149.59744606864825
Energy: -149.5859447944573
Energy: -149.5962495743171
Energy: -149.59458595656727
Energy: -149.59856960127703
Energy: -149.5952180554704
Energy: -149.59910610251396
Energy: -149.5966332677532
Energy: -149.59886366629277
Energy: -149.58054380933143
Energy: -149.59891730616664
Energy: -149.59623805163588
Energy: -149.59772029770718
Energy: -149.57532760729865
Energy: -149.59662440864489
Energy: -149.59030616681073
Energy: -149.59673456472024
Energy: -149.59249318979414
Energy: -149.59628110291578
Energy: -149.5878715792302
Energy: -149.59626440715627
Energy: -149.5992646229691
Energy: -149.59622545054532
Energy: -149.5990782751975
Energy: -149.59710606347653
Energy: -149.59914179306847
Energy: -149.59953353184358
Energy: -149.59933443968652
Energy: -149.59985718453373
Energy: -149.59966115235872
Energy: -149.59736431198564
Energy: -149.59940806247707
Energy: -149.60083500193255
Energy: -149.60116267726335
Energy: -149.5985926672846
Energy: -149.60033974342105
Energy: -149.59429738215303
Energy: -149.60054265410557
Energy: -149.59874081171225
Energy: -149.6008463910312
Energy: -149.59270349936725
Energy: -149.60166094234825
Energy: -149.60005568835734
Energy: -149.60117715027354
Energy: -149.60011113885548
Energy: -149.60229718046602
Energy: -149.59952761626013
Energy: -149.60241774673972
Energy: -149.59955799620715
Energy: -149.60112359615326
Energy: -149.60187285903933
Energy: -149.60239555323804
Energy: -149.60040763140034
Energy: -149.6028936547315
Energy: -149.60009102393028
Energy: -149.60237880437035
Energy: -149.5996264820815
Energy: -149.60282442981804
Energy: -149.6026930060168
Energy: -149.60242638183055
Energy: -149.6011481992154
Energy: -149.60249588753607
Energy: -149.6020783998821
Energy: -149.60287513229963
Energy: -149.59951739569425
Energy: -149.60200862091833
Energy: -149.60044829630215
Energy: -149.60328965064429
Energy: -149.60268879479148
Energy: -149.60352829914976
Energy: -149.5991681732769
Energy: -149.603290379179
Energy: -149.60165297881682
Energy: -149.60254027291964
Energy: -149.6002876329578
Energy: -149.60267340713878
Energy: -149.59959709699774
Energy: -149.60333084527997
Energy: -149.60286915227724
Energy: -149.6034508827747
Energy: -149.60276178204188
Energy: -149.60312179842683
Energy: -149.60078807243835
Energy: -149.60251919339046
Energy: -149.60229184865466
Energy: -149.60349501922101
Energy: -149.60245226135197
Energy: -149.60327812850784
Energy: -149.60226597353548
Energy: -149.60292610140792
Energy: -149.60085203053615
Energy: -149.60331798398826
Energy: -149.60237999107437
Energy: -149.60323865674098
Energy: -149.6009068065669
Energy: -149.60327390151244
Energy: -149.6017267718212
Energy: -149.6018917574283
Energy: -149.60334088402308
Energy: -149.6035398497451
Energy: -149.60253990725286
Energy: -149.60321772092428
Energy: -149.60287409337525
Energy: -149.60323106337097
Energy: -149.60078347674428
Energy: -149.60285202485468
Energy: -149.5997853784099
Energy: -149.6030899720182
Energy: -149.60029579049134
Energy: -149.60269091913722
Energy: -149.6026362416821
Energy: -149.60285942332592
Energy: -149.60063399976315
Energy: -149.60323243082064
Energy: -149.6031993320961
Energy: -149.60262052497413
Energy: -149.60355106933616
Energy: -149.60367818607327
Energy: -149.6036749627951
Energy: -149.60292004292148
Energy: -149.60366471382252
Energy: -149.60305971427397
Energy: -149.6035200575106
Energy: -149.60314715704155
Energy: -149.60368837810987
Energy: -149.60346507983195
Energy: -149.6038700378522
Energy: -149.60360062305622
Energy: -149.60449433385105
Energy: -149.60432748850909
Energy: -149.60423870040867
Energy: -149.60404943803155
Energy: -149.60449811266795
Energy: -149.60360049760993
Energy: -149.60461872984328
Energy: -149.60423298005028
Energy: -149.60580738264684
Energy: -149.60573947112994
Energy: -149.60552381548874
Energy: -149.60518325805003
Energy: -149.60580132890374
Energy: -149.60580764483117
Energy: -149.6060974227946
Energy: -149.60652605861995
Energy: -149.60668513370499
Energy: -149.60589346081716
Energy: -149.60672496839024
Energy: -149.6058556375681
Energy: -149.60655339992016
Energy: -149.60649515679756
Energy: -149.60631794252433
Energy: -149.60643343155283
Energy: -149.60670103617318
Energy: -149.6061688603157
Energy: -149.606829070144
Energy: -149.60730684983233
Energy: -149.60690427074832
Energy: -149.60702353488557
Energy: -149.60672661280128
Energy: -149.60708805259
Energy: -149.6069199321497
Energy: -149.60668236253585
Energy: -149.60699164554904
Energy: -149.6072240991554
Energy: -149.60732854064395
Energy: -149.60750807430094
Energy: -149.60719895399976
Energy: -149.60758723945324
Energy: -149.60755383354226
Energy: -149.6071529842636
Energy: -149.60753281951938
Energy: -149.60749765765834
Energy: -149.60739142312167
Energy: -149.6076037663573
Energy: -149.60755418188015
Energy: -149.60758874580574
Energy: -149.60786340568671
Energy: -149.6078345720858
Energy: -149.60729830970652
Energy: -149.6073742367624
Energy: -149.6078283547017
Energy: -149.6075206155615
Energy: -149.60743427703207
Energy: -149.60660975073205
Energy: -149.6070102610684
Energy: -149.6079513060605
Energy: -149.607296642114
Energy: -149.60753291004752
Energy: -149.60777745546193
Energy: -149.60710097315774
Energy: -149.6082363887577
Energy: -149.60832540513644
Energy: -149.60814769021133
Energy: -149.6071969197861
Energy: -149.60807700766054
Energy: -149.60836893312873
Energy: -149.607866926742
Energy: -149.60904735952255
Energy: -149.60905549870253
Energy: -149.60907992437632
Energy: -149.60907513834954
Energy: -149.6084582795255
Energy: -149.6088914192085
Energy: -149.60875220080655
Energy: -149.60874810528674
Energy: -149.60832534821313
Energy: -149.60879561185686
Energy: -149.60765130643446
Energy: -149.60915215558927
Energy: -149.60845546175625
Energy: -149.60913765700514
Energy: -149.60941657658842
Energy: -149.60899048115846
Energy: -149.603854218719
Energy: -149.60917134116607
Energy: -149.6107026172422
Energy: -149.61053950209347
Energy: -149.61033035155663
Energy: -149.61017496568726
Energy: -149.6104109002019
Energy: -149.6105355662072
Energy: -149.611084344648
Energy: -149.6110826680965
Energy: -149.611387885052
Energy: -149.6115789127055
Energy: -149.61112714425005
Energy: -149.61150607684414
Energy: -149.61100351643356
Energy: -149.61110165463532
Energy: -149.60940219658605
Energy: -149.61155168244454
Energy: -149.61105050203275
Energy: -149.61168954618134
Energy: -149.6113064586061
Energy: -149.61165438438422
Energy: -149.6110714404356
Energy: -149.61158320688497
Energy: -149.61172778413606
Energy: -149.611479843731
Energy: -149.61118002142615
Energy: -149.61144388764166
Energy: -149.6108332476167
Energy: -149.6116123030024
Energy: -149.6121081630161
Energy: -149.6119609978403
Energy: -149.61198113281094
Energy: -149.61214678732463
Energy: -149.61126425695
Energy: -149.61216568905357
Energy: -149.61204724206897
Energy: -149.61204759197395
Energy: -149.6117044075103
Energy: -149.61190909729402
Energy: -149.6112796430336
Energy: -149.611805346601
Energy: -149.61181571215545
Energy: -149.61200799807597
Energy: -149.6117226304199
Energy: -149.6118226812533
Energy: -149.61206501107353
Energy: -149.61217713560984
Energy: -149.61126403096392
Energy: -149.61208674857795
Energy: -149.61090900333042
Energy: -149.61206635101487
Energy: -149.61261656623947
Energy: -149.612634907634
Energy: -149.6113514908537
Energy: -149.61265979314157
Energy: -149.61217343556507
Energy: -149.6126534766752
Energy: -149.6118215263436
Energy: -149.6124804761814
Energy: -149.61098317608014
Energy: -149.61267594387616
Energy: -149.61288210401335
Energy: -149.6129760669714
Energy: -149.611048350589
Energy: -149.6126348021876
Energy: -149.61133638495784
Energy: -149.61292051094532
Energy: -149.61244803709965
Energy: -149.61284785431792
Energy: -149.61214484580447
Energy: -149.61299399487237
Energy: -149.61216927769505
Energy: -149.61300503551286
Energy: -149.61260306343763
Energy: -149.61264435583132
Energy: -149.61178151305504
Energy: -149.61305629459548
Energy: -149.61157488651148
Energy: -149.61314143393048
Energy: -149.613090586066
Energy: -149.61313870825677
Energy: -149.6117816611164
Energy: -149.6126097528987
Energy: -149.61145440270542
Energy: -149.61324251584549
Energy: -149.612085230892
Energy: -149.61320047768444
Energy: -149.61247429064318
Energy: -149.61297531936629
Energy: -149.61334118500068
Energy: -149.61357709826626
Energy: -149.61322184398782
Energy: -149.6135187034832
Energy: -149.61292462644565
Energy: -149.61346042891344
Energy: -149.61349377244434
Energy: -149.61356538545036
Energy: -149.6135000585021
Energy: -149.6134675805164
Energy: -149.61304311233783
Energy: -149.61355235278873
Energy: -149.61328646824205
Energy: -149.6133991107798
Energy: -149.6129861853597
Energy: -149.61360696193591
Energy: -149.61304764464123
Energy: -149.6138064214365
Energy: -149.6123093571138
Energy: -149.6137632014145
Energy: -149.61363953246135
Energy: -149.61371656934617
Energy: -149.61356150558544
Energy: -149.61373996494822
Energy: -149.61314282605719
Energy: -149.6137998705694
Energy: -149.61296356143637
Energy: -149.61397414261586
Energy: -149.61317851649477
Energy: -149.61404097429812
Energy: -149.6130083096122
Energy: -149.6136831759728
Energy: -149.61401074174373
Energy: -149.6140523243245
Energy: -149.613872639938
Energy: -149.6140810971144
Energy: -149.61402940927147
Energy: -149.61383746659422
Energy: -149.61226187203704
Energy: -149.61371349902643
Energy: -149.6134663498528
Energy: -149.61412640770914
Energy: -149.61404221811068
Energy: -149.61424580371803
Energy: -149.61413034412735
Energy: -149.6140130323934
Energy: -149.6142881095276
Energy: -149.61424287418444
Energy: -149.61363094250683
Energy: -149.61409685723137
Energy: -149.61387012956888
Energy: -149.6142743082965
Energy: -149.6135212627734
Energy: -149.61405017058556
Energy: -149.61268007334078
Energy: -149.614167136905
Energy: -149.61220157759226
Energy: -149.6140123200182
Energy: -149.61153381410128
Energy: -149.61435593935343
Energy: -149.61376261189372
Energy: -149.61436588250442
Energy: -149.61506097907304
Energy: -149.6150929828479
Energy: -149.61427935067366
Energy: -149.61512091067047
Energy: -149.6146477365139
Energy: -149.61518125064728
Energy: -149.61431580436138
Energy: -149.61486101263495
Energy: -149.61491981948618
Energy: -149.61507446248706
Energy: -149.6152085361244
Energy: -149.61503324004687
Energy: -149.61484110351583
Energy: -149.61495423332246
Energy: -149.61508422193174
Energy: -149.61507771680633
Energy: -149.6150078631488
Energy: -149.61499077916957
Energy: -149.61472104057813
Energy: -149.6152176666287
Energy: -149.61508871433495
Energy: -149.61504046995017
Energy: -149.61464345615124
Energy: -149.6147089324419
Energy: -149.61513330562562
Energy: -149.61511544941197
Energy: -149.6149994193093
Energy: -149.61511385051227
Energy: -149.6140666387378
Optimized energy: -149.6152176666287
Optimized parameters:  [2.8176549712877637, 0.10813766752291565, 1.218359956373533, 0.3036732979831137, 1.2483539431940764, -0.011500965364176502, 0.23416196041973653, -0.23646877823943852, 0.5844280542878015, 0.626811842499351, 0.3036970289980412, 0.2558217226952802, 1.749698518124584, 0.3347129656926541, -0.021643161027096007, -0.13351978269130657, 0.22784981496890863, 0.8317967282293055, -0.5692690005805682, 0.43484736446730876, -0.14284722014459889, 0.6025569117947182, -0.304973727561021, 0.05386819534672098, 0.15159850405277073, -0.2851677334780283, -0.12722245949340988, -0.34400974412862056, 0.0623744768770094, 0.718083054466077, 0.12192701750291457, 0.8281906880929624, -0.129665707227628, 1.1582580557839242, -0.38296104002962683, -0.052599824799182834, -0.12916200901037964, -0.35416529955975706, -0.09108330368645082, -0.27449011869833, -0.5639277671497516, 0.7405676822555374, -0.1451620208098156, 0.6575055465384249, -0.44325265799701996, -0.17665124616295885, -0.11811407559527985, -0.000299891713657666, -0.7205012908829465, 0.044258071468266, -0.309993150074868, 0.34810480791851706, 0.11986761515181575, 0.7009211378087344, -0.0802479132371232, -0.047967951293704084, 0.008542908673595112, -0.17033075731197725, 0.27275705933970185, 0.5793717479140358, 0.38730184315558003, 1.050152050393316, 1.588203752672699, -0.05360283341342308, 3.187920417274809, 0.2075960323963012, 0.0033479587996925546, -0.43166504012565765, -0.24149835851850837, 1.3770568305260789, 0.03217225894708981, 1.7839526821881084, -0.09956595715026716, 1.223537475062985]
