/public/home/xzzeng/.local/lib/python3.8/site-packages/q2chem/qchem/transformation/_jordan_wigner.py:14: UserWarning: JIT: Compiling high-performance Jordan-Wigner kernel. Set environmental variable Q2CHEM_JIT to "NO" to disable JIT and use the Python-based Jordan-Wigner transformation.
  warnings.warn("JIT: Compiling high-performance Jordan-Wigner kernel. \
Using /public/home/xzzeng/.cache/torch_extensions/py38_cu121 as PyTorch extensions root...
Emitting ninja build file /public/home/xzzeng/.cache/torch_extensions/py38_cu121/_jordan_wigner_cpp_cpu/build.ninja...
Building extension module _jordan_wigner_cpp_cpu...
Allowing ninja to set a default number of workers... (overridable by setting the environment variable MAX_JOBS=N)
[1/2] c++ -MMD -MF _jordan_wigner_cpu.o.d -DTORCH_EXTENSION_NAME=_jordan_wigner_cpp_cpu -DTORCH_API_INCLUDE_EXTENSION_H -DPYBIND11_COMPILER_TYPE=\"_gcc\" -DPYBIND11_STDLIB=\"_libstdcpp\" -DPYBIND11_BUILD_ABI=\"_cxxabi1011\" -isystem /public/home/xzzeng/anaconda3/envs/quantum/lib/python3.8/site-packages/torch/include -isystem /public/home/xzzeng/anaconda3/envs/quantum/lib/python3.8/site-packages/torch/include/torch/csrc/api/include -isystem /public/home/xzzeng/anaconda3/envs/quantum/lib/python3.8/site-packages/torch/include/TH -isystem /public/home/xzzeng/anaconda3/envs/quantum/lib/python3.8/site-packages/torch/include/THC -isystem /public/home/xzzeng/anaconda3/envs/quantum/include/python3.8 -D_GLIBCXX_USE_CXX11_ABI=0 -fPIC -std=c++17 -O3 -std=c++17 -c /public/home/xzzeng/.local/lib/python3.8/site-packages/q2chem/qchem/transformation/_jordan_wigner_cpu.cpp -o _jordan_wigner_cpu.o 
FAILED: _jordan_wigner_cpu.o 
c++ -MMD -MF _jordan_wigner_cpu.o.d -DTORCH_EXTENSION_NAME=_jordan_wigner_cpp_cpu -DTORCH_API_INCLUDE_EXTENSION_H -DPYBIND11_COMPILER_TYPE=\"_gcc\" -DPYBIND11_STDLIB=\"_libstdcpp\" -DPYBIND11_BUILD_ABI=\"_cxxabi1011\" -isystem /public/home/xzzeng/anaconda3/envs/quantum/lib/python3.8/site-packages/torch/include -isystem /public/home/xzzeng/anaconda3/envs/quantum/lib/python3.8/site-packages/torch/include/torch/csrc/api/include -isystem /public/home/xzzeng/anaconda3/envs/quantum/lib/python3.8/site-packages/torch/include/TH -isystem /public/home/xzzeng/anaconda3/envs/quantum/lib/python3.8/site-packages/torch/include/THC -isystem /public/home/xzzeng/anaconda3/envs/quantum/include/python3.8 -D_GLIBCXX_USE_CXX11_ABI=0 -fPIC -std=c++17 -O3 -std=c++17 -c /public/home/xzzeng/.local/lib/python3.8/site-packages/q2chem/qchem/transformation/_jordan_wigner_cpu.cpp -o _jordan_wigner_cpu.o 
In file included from /public/home/xzzeng/anaconda3/envs/quantum/lib/python3.8/site-packages/torch/include/ATen/core/TensorBase.h:14,
                 from /public/home/xzzeng/anaconda3/envs/quantum/lib/python3.8/site-packages/torch/include/ATen/core/TensorBody.h:38,
                 from /public/home/xzzeng/anaconda3/envs/quantum/lib/python3.8/site-packages/torch/include/ATen/core/Tensor.h:3,
                 from /public/home/xzzeng/anaconda3/envs/quantum/lib/python3.8/site-packages/torch/include/ATen/Tensor.h:3,
                 from /public/home/xzzeng/anaconda3/envs/quantum/lib/python3.8/site-packages/torch/include/torch/csrc/autograd/function_hook.h:3,
                 from /public/home/xzzeng/anaconda3/envs/quantum/lib/python3.8/site-packages/torch/include/torch/csrc/autograd/cpp_hook.h:2,
                 from /public/home/xzzeng/anaconda3/envs/quantum/lib/python3.8/site-packages/torch/include/torch/csrc/autograd/variable.h:6,
                 from /public/home/xzzeng/anaconda3/envs/quantum/lib/python3.8/site-packages/torch/include/torch/csrc/autograd/autograd.h:3,
                 from /public/home/xzzeng/anaconda3/envs/quantum/lib/python3.8/site-packages/torch/include/torch/csrc/api/include/torch/autograd.h:3,
                 from /public/home/xzzeng/anaconda3/envs/quantum/lib/python3.8/site-packages/torch/include/torch/csrc/api/include/torch/all.h:7,
                 from /public/home/xzzeng/anaconda3/envs/quantum/lib/python3.8/site-packages/torch/include/torch/extension.h:5,
                 from /public/home/xzzeng/.local/lib/python3.8/site-packages/q2chem/qchem/transformation/_jordan_wigner_cpu.cpp:10:
/public/home/xzzeng/anaconda3/envs/quantum/lib/python3.8/site-packages/torch/include/c10/util/C++17.h:13:2: error: #error "You're trying to build PyTorch with a too old version of GCC. We need GCC 9 or later."
 #error \
  ^~~~~
ninja: build stopped: subcommand failed.
/public/home/xzzeng/.local/lib/python3.8/site-packages/q2chem/qchem/transformation/_jordan_wigner.py:26: UserWarning: Jordan-Wigner: JIT for CPU failed with error: Error building extension '_jordan_wigner_cpp_cpu'. Using python version instead.
  warnings.warn("Jordan-Wigner: JIT for CPU failed with error: {}. \
/public/home/xzzeng/.local/lib/python3.8/site-packages/q2chem/qcirc/qpu/simulator/_state_vector_simulator.py:55: UserWarning: JIT: Compiling high-performance state vector simulator. Set environmental variable Q2CHEM_JIT to "NO" to disable JIT and use the Python-based state vector simulator.
  warnings.warn("JIT: Compiling high-performance state vector simulator. \
Using /public/home/xzzeng/.cache/torch_extensions/py38_cu121 as PyTorch extensions root...
Emitting ninja build file /public/home/xzzeng/.cache/torch_extensions/py38_cu121/_apply_quantum_gate_cpp_cpu/build.ninja...
Building extension module _apply_quantum_gate_cpp_cpu...
Allowing ninja to set a default number of workers... (overridable by setting the environment variable MAX_JOBS=N)
[1/2] c++ -MMD -MF _state_vector_simulator_cpu.o.d -DTORCH_EXTENSION_NAME=_apply_quantum_gate_cpp_cpu -DTORCH_API_INCLUDE_EXTENSION_H -DPYBIND11_COMPILER_TYPE=\"_gcc\" -DPYBIND11_STDLIB=\"_libstdcpp\" -DPYBIND11_BUILD_ABI=\"_cxxabi1011\" -isystem /public/home/xzzeng/anaconda3/envs/quantum/lib/python3.8/site-packages/torch/include -isystem /public/home/xzzeng/anaconda3/envs/quantum/lib/python3.8/site-packages/torch/include/torch/csrc/api/include -isystem /public/home/xzzeng/anaconda3/envs/quantum/lib/python3.8/site-packages/torch/include/TH -isystem /public/home/xzzeng/anaconda3/envs/quantum/lib/python3.8/site-packages/torch/include/THC -isystem /public/home/xzzeng/anaconda3/envs/quantum/include/python3.8 -D_GLIBCXX_USE_CXX11_ABI=0 -fPIC -std=c++17 -std=c++17 -O3 -fopenmp -c /public/home/xzzeng/.local/lib/python3.8/site-packages/q2chem/qcirc/qpu/simulator/_state_vector_simulator_cpu.cpp -o _state_vector_simulator_cpu.o 
FAILED: _state_vector_simulator_cpu.o 
c++ -MMD -MF _state_vector_simulator_cpu.o.d -DTORCH_EXTENSION_NAME=_apply_quantum_gate_cpp_cpu -DTORCH_API_INCLUDE_EXTENSION_H -DPYBIND11_COMPILER_TYPE=\"_gcc\" -DPYBIND11_STDLIB=\"_libstdcpp\" -DPYBIND11_BUILD_ABI=\"_cxxabi1011\" -isystem /public/home/xzzeng/anaconda3/envs/quantum/lib/python3.8/site-packages/torch/include -isystem /public/home/xzzeng/anaconda3/envs/quantum/lib/python3.8/site-packages/torch/include/torch/csrc/api/include -isystem /public/home/xzzeng/anaconda3/envs/quantum/lib/python3.8/site-packages/torch/include/TH -isystem /public/home/xzzeng/anaconda3/envs/quantum/lib/python3.8/site-packages/torch/include/THC -isystem /public/home/xzzeng/anaconda3/envs/quantum/include/python3.8 -D_GLIBCXX_USE_CXX11_ABI=0 -fPIC -std=c++17 -std=c++17 -O3 -fopenmp -c /public/home/xzzeng/.local/lib/python3.8/site-packages/q2chem/qcirc/qpu/simulator/_state_vector_simulator_cpu.cpp -o _state_vector_simulator_cpu.o 
In file included from /public/home/xzzeng/anaconda3/envs/quantum/lib/python3.8/site-packages/torch/include/ATen/core/TensorBase.h:14,
                 from /public/home/xzzeng/anaconda3/envs/quantum/lib/python3.8/site-packages/torch/include/ATen/core/TensorBody.h:38,
                 from /public/home/xzzeng/anaconda3/envs/quantum/lib/python3.8/site-packages/torch/include/ATen/core/Tensor.h:3,
                 from /public/home/xzzeng/anaconda3/envs/quantum/lib/python3.8/site-packages/torch/include/ATen/Tensor.h:3,
                 from /public/home/xzzeng/anaconda3/envs/quantum/lib/python3.8/site-packages/torch/include/torch/csrc/autograd/function_hook.h:3,
                 from /public/home/xzzeng/anaconda3/envs/quantum/lib/python3.8/site-packages/torch/include/torch/csrc/autograd/cpp_hook.h:2,
                 from /public/home/xzzeng/anaconda3/envs/quantum/lib/python3.8/site-packages/torch/include/torch/csrc/autograd/variable.h:6,
                 from /public/home/xzzeng/anaconda3/envs/quantum/lib/python3.8/site-packages/torch/include/torch/csrc/autograd/autograd.h:3,
                 from /public/home/xzzeng/anaconda3/envs/quantum/lib/python3.8/site-packages/torch/include/torch/csrc/api/include/torch/autograd.h:3,
                 from /public/home/xzzeng/anaconda3/envs/quantum/lib/python3.8/site-packages/torch/include/torch/csrc/api/include/torch/all.h:7,
                 from /public/home/xzzeng/anaconda3/envs/quantum/lib/python3.8/site-packages/torch/include/torch/extension.h:5,
                 from /public/home/xzzeng/.local/lib/python3.8/site-packages/q2chem/qcirc/qpu/simulator/_state_vector_simulator_cpu.cpp:2:
/public/home/xzzeng/anaconda3/envs/quantum/lib/python3.8/site-packages/torch/include/c10/util/C++17.h:13:2: error: #error "You're trying to build PyTorch with a too old version of GCC. We need GCC 9 or later."
 #error \
  ^~~~~
ninja: build stopped: subcommand failed.
/public/home/xzzeng/.local/lib/python3.8/site-packages/q2chem/qcirc/qpu/simulator/_state_vector_simulator.py:80: UserWarning: StateVector: JIT for CPU failed with error: Error building extension '_apply_quantum_gate_cpp_cpu'. Using python version instead.
  warnings.warn("StateVector: JIT for CPU failed with error: {}. \
Using /public/home/xzzeng/.cache/torch_extensions/py38_cu121 as PyTorch extensions root...
Detected CUDA files, patching ldflags
/public/home/xzzeng/.local/lib/python3.8/site-packages/q2chem/qcirc/qpu/simulator/_state_vector_simulator.py:102: UserWarning: StateVector: JIT for GPU failed with error: CUDA_HOME environment variable is not set. Please set it to your CUDA install root.. Using python version instead.
  warnings.warn("StateVector: JIT for GPU failed with error: {}. \
filtered_states:  [('1111111111000000', -0.974076517, 0), ('1111110011110000', 0.0815308246, 1), ('1111111100001100', 0.0815308246, 2), ('1111110101101000', -0.0516749696, 3), ('1111111010010100', -0.0516749696, 4), ('1100111111110000', 0.0466909787, 5), ('1100111111001100', 0.0466909787, 6), ('1111111001011000', 0.0462102742, 7), ('1111110110100100', 0.0462102742, 8)]
excitations:  [[4, 6, 7, 10, 11], [4, 8, 9, 12, 13], [4, 6, 8, 10, 12], [4, 7, 9, 11, 13], [4, 2, 3, 10, 11], [4, 2, 3, 12, 13], [4, 7, 8, 11, 12], [4, 6, 9, 10, 13], [8, 6, 7, 8, 9, 10, 11, 12, 13], [4, 7, 8, 11, 12], [4, 6, 9, 10, 13], [4, 6, 9, 10, 13], [4, 7, 8, 11, 12], [4, 2, 3, 6, 7], [8, 2, 3, 6, 7, 10, 11, 12, 13], [8, 2, 3, 8, 9, 10, 11, 12, 13], [4, 2, 3, 8, 9], [4, 6, 8, 10, 12], [4, 7, 9, 11, 13], [4, 7, 9, 11, 13], [4, 6, 8, 10, 12], [8, 6, 7, 8, 9, 10, 11, 12, 13], [6, 2, 3, 6, 8, 11, 12], [6, 2, 3, 6, 8, 10, 13], [6, 2, 3, 7, 9, 10, 13], [6, 2, 3, 7, 9, 11, 12], [4, 6, 7, 10, 11], [4, 8, 9, 12, 13], [4, 8, 9, 12, 13], [4, 6, 7, 10, 11], [4, 10, 11, 12, 13], [6, 2, 3, 7, 8, 10, 12], [6, 2, 3, 6, 9, 11, 13], [6, 2, 3, 7, 8, 11, 13], [6, 2, 3, 6, 9, 10, 12], [8, 6, 7, 8, 9, 10, 11, 12, 13]]
unique_position:  [2, 3, 6, 7, 8, 9, 10, 11, 12, 13]
remaining_positions:  [0, 1, 4, 5, 14, 15]
Num_params:  64
simulator options:
{'initial_state': 'allzero', 'device': 'cpu', 'n_threads': 32}
mps options:
{'max_bond_dimension': 64, 'cut_threshold': 1e-06, 'algorithm': 'vidal'}
Start optimization.
Number of qubits: 16
Number of parameters: 64
Energy: -107.61741002802911
Energy: -107.85545991420558
Energy: -107.55915253539338
Energy: -107.7454555741992
Energy: -107.92192555057743
Energy: -107.88383045581635
Energy: -107.78865223669584
Energy: -107.92271089064951
Energy: -107.87028895905097
Energy: -107.82035667398976
Energy: -107.90029509954253
Energy: -107.92058058481587
Energy: -107.87028895905114
Energy: -107.87028895905108
Energy: -107.92058058481592
Energy: -107.84973140637561
Energy: -107.84973140637567
Energy: -107.9002950995424
Energy: -107.92271089064947
Energy: -107.90029509954265
Energy: -107.92271089064943
Energy: -107.82754791152888
Energy: -108.03854079461671
Energy: -108.09671458886142
Energy: -107.99308452250978
Energy: -107.9943603722018
Energy: -108.07429879775451
Energy: -108.09671458886149
Energy: -108.0773639039339
Energy: -108.0967145888614
Energy: -108.1169548619861
Energy: -107.95971697215664
Energy: -108.15862313784498
Energy: -108.01096539907634
Energy: -108.14974763360155
Energy: -108.14519415358089
Energy: -108.13721202503433
Energy: -108.13721202503386
Energy: -108.14519415358109
Energy: -108.11316175371121
Energy: -108.14767639659216
Energy: -108.16669708258125
Energy: -108.16669708258105
Energy: -108.0965759847048
Energy: -108.15609101371022
Energy: -108.0965759847048
Energy: -108.16669708258112
Energy: -108.18325602102846
Energy: -108.08798217604297
Energy: -108.15227402730879
Energy: -108.18325602102846
Energy: -108.18325602102846
Energy: -108.18325602102846
Energy: -108.18325602102846
Energy: -108.18325602102846
Energy: -108.18272687325324
Energy: -108.08320726639677
Energy: -107.87297271055296
Energy: -108.0944936033018
Energy: -108.16747652260939
Energy: -108.17172162734686
Energy: -108.17274671236505
Energy: -108.13291947953535
Energy: -108.19214512861359
Energy: -108.18206429611253
Energy: -108.0130357919074
Energy: -108.11921895536393
Energy: -107.90921429971604
Energy: -108.18709605390856
Energy: -108.067864418444
Energy: -108.15266593969321
Energy: -108.05627850450308
Energy: -108.10141873444964
Energy: -108.08720003631976
Energy: -108.19278321399169
Energy: -108.09262940037975
Energy: -108.25537064672305
Energy: -108.13809716714673
Energy: -108.27752513620159
Energy: -108.15548234653014
Energy: -108.27752513620165
Energy: -108.11752781551911
Energy: -108.2812035463527
Energy: -108.13106571822284
Energy: -108.28127375318616
Energy: -108.24169974659848
Energy: -108.2789585426253
Energy: -108.18979723686871
Energy: -108.24297966924972
Energy: -108.1268173650571
Energy: -108.28559975172386
Energy: -108.15785036612142
Energy: -108.28564872692658
Energy: -108.13888337707743
Energy: -108.28338445506341
Energy: -108.13641433478067
Energy: -108.28559975172409
Energy: -108.24173869112788
Energy: -108.2583674937768
Energy: -108.14158208521441
Energy: -108.28710494796171
Energy: -108.2870252511842
Energy: -108.28710494796185
Energy: -108.2767837149428
Energy: -108.28848302296463
Energy: -108.28937835502369
Energy: -108.28937835502369
Energy: -108.20733766903993
Energy: -108.28937360820312
Energy: -108.00430894172877
Energy: -108.29738283754831
Energy: -108.20736624950494
Energy: -108.29732792464067
Energy: -108.16949480433814
Energy: -108.29732789292369
Energy: -108.18108366630752
Energy: -108.27506199224894
Energy: -108.23171321451004
Energy: -108.29057082258987
Energy: -108.29204764023831
Energy: -108.29516453403338
Energy: -108.28652479981976
Energy: -108.29854508960003
Energy: -108.03141180375768
Energy: -108.29854508960003
Energy: -108.14408234265711
Energy: -108.29852967966617
Energy: -108.16964004112262
Energy: -108.29854508960007
Energy: -108.18001354829549
Energy: -108.29855488748906
Energy: -108.18244134207707
Energy: -108.29855626027391
Energy: -108.17628324087288
Energy: -108.29578079792961
Energy: -108.1850212457019
Energy: -108.29889366227361
Energy: -108.22422542137018
Energy: -108.22652831782965
Energy: -108.0917005191712
Energy: -108.30520894128864
Energy: -108.16864066042781
Energy: -108.29721648690206
Energy: -108.13108148437792
Energy: -108.29355435388298
Energy: -108.23609889873855
Energy: -108.30753944613939
Energy: -108.21438568464458
Energy: -108.28260333656978
Energy: -108.20652421731113
Energy: -108.30753944613973
Energy: -108.19912808632144
Energy: -108.3081646173917
Energy: -108.05299682626108
Energy: -108.24741320139344
Energy: -108.17597002853036
Energy: -108.30659490366644
Energy: -108.2660061329707
Energy: -108.30768165133945
Energy: -108.25262751349824
Energy: -108.30838230362052
Energy: -108.0264060081
Energy: -108.29394480129997
Energy: -108.22656030655165
Energy: -108.30399804698877
Energy: -108.2272894373126
Energy: -108.3056243465947
Energy: -108.20039990318301
Energy: -108.30985536777659
Energy: -108.18145041254398
Energy: -108.30973736550493
Energy: -108.25286118651432
Energy: -108.30977364578274
Energy: -108.02201276283962
Energy: -108.3101379637043
Energy: -108.16624288456256
Energy: -108.31013796370429
Energy: -108.14943782838508
Energy: -108.30960996716642
Energy: -108.19313714128485
Energy: -108.29009192441966
Energy: -108.20881772998942
Energy: -108.28734647607219
Energy: -108.27666635124349
Energy: -108.29366768573446
Energy: -108.21048640033891
Energy: -108.28404932480221
Energy: -108.15161405290306
Energy: -108.2925528567105
Energy: -108.20394934408544
Energy: -108.30973051669122
Energy: -108.0744870940848
Energy: -108.28381955476432
Energy: -108.23502519653518
Energy: -108.26909774384733
Energy: -108.31058313119912
Energy: -108.28568013681645
Energy: -108.31082670086613
Energy: -108.28914269786708
Energy: -108.30943923843365
Energy: -108.30871802257109
Energy: -108.31084750913452
Energy: -108.24160442509896
Energy: -108.31084750913436
Energy: -108.28050407581316
Energy: -108.31036285072963
Energy: -108.27366888186009
Energy: -108.30845457079083
Energy: -108.23845650085741
Energy: -108.31010425012086
Energy: -108.28283448122734
Energy: -108.31083514998082
Energy: -108.30618030803355
Energy: -108.31084750913452
Energy: -108.30560295046675
Energy: -108.31089301093537
Energy: -108.31678579524296
Energy: -108.31678586012053
Energy: -108.31963903726853
Energy: -108.31970561806298
Energy: -108.33125034640219
Energy: -108.31288065299094
Energy: -108.27266823130716
Energy: -108.32418467379102
Energy: -108.32234959395669
Energy: -108.32664091337845
Energy: -108.32438933710355
Energy: -108.32483122199001
Energy: -108.23319874886595
Energy: -108.32406321424578
Energy: -108.27444958879543
Energy: -108.3124879632106
Energy: -108.27890700024632
Energy: -108.31459385249825
Energy: -108.33271834969644
Energy: -108.34339458504058
Energy: -108.31006626263883
Energy: -108.33423202423792
Energy: -108.31296083517941
Energy: -108.34180779591696
Energy: -108.30430696373274
Energy: -108.34551089142624
Energy: -108.34561069310243
Energy: -108.34481118675495
Energy: -108.3111206450486
Energy: -108.34103794616864
Energy: -108.31140659331615
Energy: -108.3413652517538
Energy: -108.31970853436368
Energy: -108.33900609771129
Energy: -108.31132673912059
Energy: -108.3418211008323
Energy: -108.28647645972212
Energy: -108.34147822336608
Energy: -108.3344055105713
Energy: -108.34968637022413
Energy: -108.37828348782709
Energy: -108.37393821274482
Energy: -108.35579433930835
Energy: -108.38002915180526
Energy: -108.33332421033683
Energy: -108.38002915180513
Energy: -108.36685317807364
Energy: -108.36877144794322
Energy: -108.355277571794
Energy: -108.39497952547636
Energy: -108.39615372984657
Energy: -108.39304874261235
Energy: -108.3791180454798
Energy: -108.39656234850146
Energy: -108.30224901715047
Energy: -108.40039092826667
Energy: -108.38460591116468
Energy: -108.40173042487967
Energy: -108.40667756321862
Energy: -108.40474137844802
Energy: -108.36859582949293
Energy: -108.40384008799559
Energy: -108.2841715893674
Energy: -108.40656997649234
Energy: -108.39356683573624
Energy: -108.40615887682293
Energy: -108.40354060025703
Energy: -108.40644940410508
Energy: -108.40683829515876
Energy: -108.40605344287654
Energy: -108.40432143297274
Energy: -108.406851943632
Energy: -108.40199029786524
Energy: -108.41028497073187
Energy: -108.40624229252053
Energy: -108.39943368469537
Energy: -108.399117808733
Energy: -108.39962522383718
Energy: -108.37287248536886
Energy: -108.38575150453808
Energy: -108.38099407570542
Energy: -108.3945588466181
Energy: -108.36413408133245
Energy: -108.4289909502801
Energy: -108.39951244638495
Energy: -108.42975421408303
Energy: -108.43247790050695
Energy: -108.40722075072702
Energy: -108.42017790797686
Energy: -108.42880255277075
Energy: -108.47032013150076
Energy: -108.42587729998242
Energy: -108.44059113349023
Energy: -108.45568907711973
Energy: -108.44765915860302
Energy: -108.474683514573
Energy: -108.45372894560668
Energy: -108.4820459879634
Energy: -108.45844468831986
Energy: -108.48415051995978
Energy: -108.47135574922558
Energy: -108.48666145496428
Energy: -108.48565475751002
Energy: -108.48618603793412
Energy: -108.43685974727768
Energy: -108.47791923967482
Energy: -108.47111042767071
Energy: -108.49456383655549
Energy: -108.48506912801047
Energy: -108.50151985149095
Energy: -108.48197883715001
Energy: -108.50275092462836
Energy: -108.47960055669161
Energy: -108.5027509246282
Energy: -108.49520841141178
Energy: -108.5022594828578
Energy: -108.50116662822754
Energy: -108.5067279626454
Energy: -108.48603823452528
Energy: -108.50740961710343
Energy: -108.50742438887727
Energy: -108.50826860000963
Energy: -108.41448511954924
Energy: -108.50351495463067
Energy: -108.44325010794758
Energy: -108.50071603661374
Energy: -108.49295334377706
Energy: -108.50656020012262
Energy: -108.49900824410282
Energy: -108.50981212709026
Energy: -108.5109051092424
Energy: -108.51090842639223
Energy: -108.50816672603159
Energy: -108.51165858506371
Energy: -108.50826300590028
Energy: -108.51240025543441
Energy: -108.50554824671056
Energy: -108.5132095234493
Energy: -108.5060177953785
Energy: -108.516467846109
Energy: -108.50612437237328
Energy: -108.51788420171204
Energy: -108.49477116091845
Energy: -108.51902640477687
Energy: -108.50388241463446
Energy: -108.51901551998951
Energy: -108.49241684661663
Energy: -108.52153964994432
Energy: -108.49448378247882
Energy: -108.51892316284719
Energy: -108.49824106923857
Energy: -108.52556093716309
Energy: -108.49705954060182
Energy: -108.51567179846947
Energy: -108.493001660724
Energy: -108.49573434241411
Energy: -108.47895913765383
Energy: -108.51691859320216
Energy: -108.51341106204323
Energy: -108.5236410179402
Energy: -108.43421081985228
Energy: -108.52818584782725
Energy: -108.49726013332236
Energy: -108.52824520957434
Energy: -108.49372646206989
Energy: -108.5209668941722
Energy: -108.53207641599944
Energy: -108.53323832104901
Energy: -108.50900193707541
Energy: -108.53920334911655
Energy: -108.54613966964826
Energy: -108.55516093083114
Energy: -108.52542117175383
Energy: -108.56636401798949
Energy: -108.50426623454176
Energy: -108.57339226006356
Energy: -108.58970489731145
Energy: -108.58575266800851
Energy: -108.58345046097057
Energy: -108.5883026997441
Energy: -108.563198405949
Energy: -108.58630515409097
Energy: -108.58048344004901
Energy: -108.58825811770755
Energy: -108.58090964815085
Energy: -108.58970932421055
Energy: -108.55550075391375
Energy: -108.58057010808139
Energy: -108.52874363786553
Energy: -108.58888119712802
Energy: -108.58393360854488
Energy: -108.59421669957136
Energy: -108.54041503811631
Energy: -108.59469873443477
Energy: -108.58385261461311
Energy: -108.59399631271613
Energy: -108.5966365807088
Energy: -108.59572451900877
Energy: -108.59803647264879
Energy: -108.59621374441467
Energy: -108.55227434391742
Energy: -108.59901966105363
Energy: -108.58671805468933
Energy: -108.60031384714134
Energy: -108.58444972819915
Energy: -108.59696616560998
Energy: -108.59023223676957
Energy: -108.5969674598199
Energy: -108.59841002586468
Energy: -108.60120301181495
Energy: -108.46346887737812
Energy: -108.60723836887493
Energy: -108.59208016087858
Energy: -108.59655224569936
Energy: -108.60945169955903
Energy: -108.6097690297979
Energy: -108.60583516697518
Energy: -108.61106344160723
Energy: -108.58181857631405
Energy: -108.61106630993143
Energy: -108.56637541908027
Energy: -108.60438473943383
Energy: -108.55349192140692
Energy: -108.60944988694813
Energy: -108.59571554373521
Energy: -108.60630362489468
Energy: -108.59498395833639
Energy: -108.60211448490075
Energy: -108.59474699511422
Energy: -108.61003133044494
Energy: -108.59836844539173
Energy: -108.59304268001108
Energy: -108.60406347086688
Energy: -108.61187288767945
Energy: -108.6151850840928
Energy: -108.59318226064917
Energy: -108.59238901516777
Energy: -108.61523661074415
Energy: -108.5523152141097
Energy: -108.60830004272373
Energy: -108.59084504902134
Energy: -108.59648595686028
Energy: -108.55159766875452
Energy: -108.61526200665914
Energy: -108.60000313278583
Energy: -108.60748111593081
Energy: -108.54424560367677
Energy: -108.60846875969057
Energy: -108.59128572896869
Energy: -108.61036045394859
Energy: -108.59603857639442
Energy: -108.61957649496048
Energy: -108.59634592806258
Energy: -108.62025868795943
Energy: -108.61094079514488
Energy: -108.61632888941999
Energy: -108.61610580560097
Energy: -108.62025885487667
Energy: -108.58705957718172
Energy: -108.62089984354431
Energy: -108.60333131311391
Energy: -108.62221184469375
Energy: -108.61329377530465
Energy: -108.62082102197678
Energy: -108.60186333668038
Energy: -108.62189587752411
Energy: -108.58617240408897
Energy: -108.6210603316014
Energy: -108.60585862780125
Energy: -108.62244019019182
Energy: -108.61691004272336
Energy: -108.61703929916546
Energy: -108.53590969359782
Energy: -108.62187195007935
Energy: -108.61105881483623
Energy: -108.62326898349062
Energy: -108.61055767414096
Energy: -108.61737896575762
Energy: -108.58262517597932
Energy: -108.61573905549442
Energy: -108.61574769891598
Energy: -108.6170643768138
Energy: -108.59400875501183
Energy: -108.62296522469693
Energy: -108.58526144854441
Energy: -108.61746310446327
Energy: -108.61826451393787
Energy: -108.62014350670697
Energy: -108.6175460701643
Energy: -108.61498880003681
Energy: -108.58472532019204
Energy: -108.6198511176994
Energy: -108.60451081778173
Energy: -108.61956667077098
Energy: -108.57174109005997
Energy: -108.62638278834304
Energy: -108.55387742879644
Energy: -108.62595133400781
Energy: -108.57303570321979
Energy: -108.6171760999066
Energy: -108.60543136385458
Energy: -108.61734741205906
Energy: -108.57163084863899
Energy: -108.6260522118167
Energy: -108.61246255828304
Energy: -108.62593949852838
Energy: -108.61779459681986
Energy: -108.6214296010666
Energy: -108.6107145462373
Energy: -108.61620654112572
Energy: -108.62532508816209
Energy: -108.62556248609286
Energy: -108.6261406725895
Energy: -108.62067780270196
Energy: -108.62654778889156
Energy: -108.61900596563729
Energy: -108.62431260748092
Energy: -108.61462130301081
Energy: -108.6271123173741
Energy: -108.6209739832466
Energy: -108.62799176766055
Energy: -108.61941967042851
Energy: -108.6258282505213
Energy: -108.62587777033308
Energy: -108.62767539438792
Energy: -108.6136940846348
Energy: -108.62564305633292
Energy: -108.62731839228088
Energy: -108.62237375400572
Energy: -108.62026139854161
Energy: -108.62974025833122
Energy: -108.63165532264456
Energy: -108.63257766183466
Energy: -108.6157840551481
Energy: -108.63343114115429
Energy: -108.62433062586173
Energy: -108.6336464744875
Energy: -108.62900912587614
Energy: -108.63069692609267
Energy: -108.62140559163078
Energy: -108.63250067780683
Energy: -108.63167129181369
Energy: -108.63212435593813
Energy: -108.62241334262413
Energy: -108.63154704207608
Energy: -108.62726882889787
Energy: -108.63339183575617
Energy: -108.61839861270886
Energy: -108.63406114986294
Energy: -108.63559512385146
Energy: -108.6286195565337
Energy: -108.63788766536491
Energy: -108.63706991090167
Energy: -108.63463001435645
Energy: -108.63862589917869
Energy: -108.63492137619659
Energy: -108.63868887585232
Energy: -108.63725329222815
Energy: -108.63858497956593
Energy: -108.62883338836998
Energy: -108.63641178250833
Energy: -108.63307219268567
Energy: -108.6366216346319
Energy: -108.62873937573288
Energy: -108.63953140601772
Energy: -108.63730029204388
Energy: -108.63956085788813
Energy: -108.63007549792628
Energy: -108.63707144480118
Energy: -108.62781281621442
Energy: -108.6375536385313
Energy: -108.63949293677759
Energy: -108.64023948484781
Energy: -108.63779600603756
Energy: -108.63839318158183
Energy: -108.62771558684298
Energy: -108.64009505793703
Energy: -108.62790372136398
Energy: -108.63919189289872
Energy: -108.63816664905322
Energy: -108.63462859722907
Energy: -108.63136570966076
Energy: -108.64046457671822
Energy: -108.63862521519847
Energy: -108.6389461790258
Energy: -108.63959430112452
Energy: -108.63792455473131
Energy: -108.63885984458793
Energy: -108.63982273928848
Energy: -108.62855185857336
Energy: -108.63950298007505
Energy: -108.63298715083259
Energy: -108.64036967976354
Energy: -108.63014623608316
Energy: -108.64114285183811
Energy: -108.63790645408142
Energy: -108.63730240824898
Energy: -108.63771088437997
Energy: -108.64063258535421
Energy: -108.63304458444313
Energy: -108.63163778965882
Energy: -108.63560108299083
Energy: -108.63702386188127
Energy: -108.63865386034453
Energy: -108.64275865112009
Energy: -108.64374454014053
Energy: -108.64305011918697
Energy: -108.6431477271151
Energy: -108.6430777998897
Energy: -108.64022496596957
Energy: -108.6431885626104
Energy: -108.64138661938695
Energy: -108.6419377743453
Energy: -108.63894298959801
Energy: -108.64352693050257
Energy: -108.64300372692192
Energy: -108.64239465423803
Energy: -108.64577584783352
Energy: -108.64481023040543
Energy: -108.6295775408487
Energy: -108.64406456935468
Energy: -108.63763591940751
Energy: -108.64599697984576
Energy: -108.63814545153117
Energy: -108.64400517143545
Energy: -108.64563637033997
Energy: -108.64116039492522
Energy: -108.64974949376283
Energy: -108.64826765212335
Energy: -108.64549661293256
Energy: -108.64955783871947
Energy: -108.64383089894213
Energy: -108.6490491204359
Energy: -108.64164294899012
Energy: -108.65084205716269
Energy: -108.64209923266229
Energy: -108.64969729940726
Energy: -108.6480227093815
Energy: -108.65042974858571
Energy: -108.65038513877076
Energy: -108.65103090205487
Energy: -108.64865310777496
Energy: -108.65194096379558
Energy: -108.64486857011995
Energy: -108.65236508812933
Energy: -108.6439408643438
Energy: -108.65214939840662
Energy: -108.63930362003934
Energy: -108.65266938222818
Energy: -108.65012341035369
Energy: -108.65390637227779
Energy: -108.64093205385228
Energy: -108.65383180225808
Energy: -108.65401497130001
Energy: -108.65411874016253
Energy: -108.64601512105664
Energy: -108.65447438436932
Energy: -108.6082874073602
Energy: -108.65554953098852
Energy: -108.64360487575193
Energy: -108.65564885346232
Energy: -108.65516826187921
Energy: -108.65510832500956
Energy: -108.65583759623591
Energy: -108.65576485739004
Energy: -108.65306351042881
Energy: -108.65591640555348
Energy: -108.64706226484832
Energy: -108.65557815836958
Energy: -108.64475572916389
Energy: -108.65390057611405
Energy: -108.65162500569777
Energy: -108.65753536582257
Energy: -108.65279404278924
Energy: -108.65612078061936
Energy: -108.65413561957047
Energy: -108.6560376756625
Energy: -108.65593317284068
Energy: -108.65130990027777
Energy: -108.64940177314746
Energy: -108.65830250672734
Energy: -108.65769852230956
Energy: -108.6573906783946
Energy: -108.65415822329875
Energy: -108.65810653627753
Energy: -108.65498161536657
Energy: -108.65871533764648
Energy: -108.65021769992269
Energy: -108.65984142972569
Energy: -108.65461394061212
Energy: -108.65915087519379
Energy: -108.65915047169014
Energy: -108.65349918570413
Energy: -108.65969429275977
Energy: -108.65764007547524
Energy: -108.65545431716058
Energy: -108.65701209244301
Energy: -108.65561114265431
Energy: -108.65650284546095
Energy: -108.65833213647734
Energy: -108.66096118445431
Energy: -108.6493567388987
Energy: -108.66019678959127
Energy: -108.66036538246303
Energy: -108.66033358389328
Energy: -108.65341562254632
Energy: -108.66031826556456
Energy: -108.65896192301074
Energy: -108.65961259343612
Energy: -108.65883139922984
Energy: -108.66064221523777
Energy: -108.65469747876713
Energy: -108.66107897126209
Energy: -108.6541192146579
Energy: -108.66105064302788
Energy: -108.64405214052675
Energy: -108.65969383686645
Energy: -108.65465217150674
Energy: -108.6609930292679
Energy: -108.65952566564555
Energy: -108.66046515132956
Energy: -108.65607333374713
Energy: -108.65813736649918
Energy: -108.65769477788827
Energy: -108.66079831536389
Energy: -108.65178040318082
Energy: -108.65893599514175
Energy: -108.66091879963018
Energy: -108.66102586204356
Energy: -108.65709986467287
Energy: -108.66037653311999
Energy: -108.65677841821228
Energy: -108.66043846561604
Energy: -108.66002051146178
Energy: -108.65997231706237
Energy: -108.6460475736211
Energy: -108.65910861450496
Energy: -108.66031217532473
Energy: -108.66027150888245
Energy: -108.66059086536808
Energy: -108.66030659963026
Energy: -108.66055598527728
Energy: -108.65470186380729
Energy: -108.66052341987609
Energy: -108.66093406977696
Energy: -108.6602535452221
Energy: -108.66041366366136
Energy: -108.66106531857311
Energy: -108.65983328420018
Energy: -108.66129586071324
Energy: -108.65915078253224
Energy: -108.66139789629455
Energy: -108.66305481306959
Energy: -108.66309299910911
Energy: -108.6615187307195
Energy: -108.66265736481014
Energy: -108.66255204470396
Energy: -108.66312535658132
Energy: -108.661266892023
Energy: -108.66337440302816
Energy: -108.66152930909583
Energy: -108.66257189449513
Energy: -108.65340782366643
Energy: -108.66359516851377
Energy: -108.6644148534687
Energy: -108.66519911766436
Energy: -108.66336240933212
Energy: -108.66472589678004
Energy: -108.66137041367372
Energy: -108.66538162900584
Energy: -108.65985154534327
Energy: -108.66277175735522
Energy: -108.66478388447223
Energy: -108.66596513865274
Energy: -108.66456058357662
Energy: -108.66643195936436
Energy: -108.66529121241715
Energy: -108.66681917511949
Energy: -108.6664813793913
Energy: -108.6664637161284
Energy: -108.66531420182291
Energy: -108.66569181698344
Energy: -108.66550651795441
Energy: -108.66700836921619
Energy: -108.6679868308681
Energy: -108.66771198223155
Energy: -108.6678944743591
Energy: -108.66814010732122
Energy: -108.66765994295143
Energy: -108.66811015935667
Energy: -108.66286240102228
Energy: -108.66830758423477
Energy: -108.66701472236731
Energy: -108.6681173792278
Energy: -108.66687257882907
Energy: -108.66800601975262
Energy: -108.66760521849626
Energy: -108.66838800403345
Energy: -108.6679447510946
Energy: -108.66779813689924
Energy: -108.66830259696316
Energy: -108.66869510405257
Energy: -108.66638672011963
Energy: -108.6685479423353
Energy: -108.6684086060429
Energy: -108.66857305956758
Energy: -108.66770861120867
Energy: -108.66887392862766
Energy: -108.66832198905176
Energy: -108.66882446137265
Energy: -108.66609159290499
Energy: -108.66862324141991
Energy: -108.66767292731271
Energy: -108.66885301179154
Energy: -108.66780047830228
Energy: -108.6682471483585
Energy: -108.66676930988804
Energy: -108.66850353822224
Energy: -108.66648484624518
Energy: -108.66908426930682
Energy: -108.66367236831564
Energy: -108.66868938221711
Energy: -108.66865507108083
Energy: -108.66811820467781
Energy: -108.6673685645973
Energy: -108.66870377450549
Energy: -108.66755489784474
Energy: -108.66906474930134
Energy: -108.66697256074333
Energy: -108.6690921408748
Energy: -108.6669903826868
Energy: -108.66895468017542
Energy: -108.66900165557189
Energy: -108.66685928932044
Energy: -108.66735307360182
Energy: -108.66875156456109
Energy: -108.66887012365223
Energy: -108.66869124036123
Energy: -108.66728115859516
Energy: -108.66925460913433
Energy: -108.66869429929929
Energy: -108.66952077762092
Energy: -108.66682073609864
Energy: -108.6692619089375
Energy: -108.66807097214141
Energy: -108.66963968326769
Energy: -108.66607848212817
Energy: -108.66918617875952
Energy: -108.66812867918776
Energy: -108.66855299134109
Energy: -108.6689345054203
Energy: -108.66861089612875
Energy: -108.66852677471029
Energy: -108.66955675871583
Energy: -108.67033584243335
Energy: -108.6704876171986
Energy: -108.66897477996875
Energy: -108.67049840267372
Energy: -108.66724936664627
Energy: -108.67043914513164
Energy: -108.66887327103042
Energy: -108.67030477874638
Energy: -108.66929890953762
Energy: -108.67052926962924
Energy: -108.66824161552786
Energy: -108.67067507280412
Energy: -108.66958430286704
Energy: -108.6703197795938
Energy: -108.67073773765514
Energy: -108.67108298348778
Energy: -108.66949819108778
Energy: -108.67111353397695
Energy: -108.66963805050945
Energy: -108.6711772849171
Energy: -108.66982462849337
Energy: -108.67074508462385
Energy: -108.67027844460326
Energy: -108.67111191869581
Energy: -108.67047766510521
Energy: -108.6708723196785
Energy: -108.66474472885022
Energy: -108.67087943108338
Energy: -108.66905121214369
Energy: -108.6705093354301
Energy: -108.66960553918582
Energy: -108.67131565699601
Energy: -108.66903293566949
Energy: -108.67038537335846
Energy: -108.66966728367363
Energy: -108.67100983222431
Energy: -108.66971706228634
Energy: -108.67128513971267
Energy: -108.66969706477232
Energy: -108.67121555888694
Energy: -108.67011949264183
Energy: -108.67132774377166
Energy: -108.67014329583105
Energy: -108.6711057752303
Energy: -108.67005304056583
Energy: -108.6714739299108
Energy: -108.66925090285821
Energy: -108.67152348909283
Energy: -108.66949161585794
Energy: -108.67132104196222
Energy: -108.67080120488627
Energy: -108.67110336929345
Energy: -108.67025865114985
Energy: -108.67049165285286
Energy: -108.66821095666377
Energy: -108.67149756595035
Energy: -108.67038205907829
Energy: -108.67145931360423
Energy: -108.67106454229109
Energy: -108.67142148305354
Energy: -108.67130033474879
Energy: -108.67120081339637
Energy: -108.67002491186655
Energy: -108.67126976160691
Energy: -108.66989861030348
Energy: -108.67132447071089
Energy: -108.66973732871209
Energy: -108.6714825550083
Energy: -108.66837845429795
Energy: -108.67137282069507
Energy: -108.6705386910596
Energy: -108.67139034328659
Energy: -108.67141910573817
Energy: -108.67138222549458
Energy: -108.66940201686276
Energy: -108.6713296392059
Energy: -108.67139645972757
Energy: -108.67119056431649
Energy: -108.67159752317222
Energy: -108.67148851005064
Energy: -108.67150010191864
Energy: -108.67157895372573
Energy: -108.67152461971004
Energy: -108.671299504426
Energy: -108.67159516210737
Energy: -108.67118264275132
Energy: -108.6712698959657
Energy: -108.67068839667297
Energy: -108.67113554699301
Energy: -108.67172301755187
Energy: -108.67179884238837
Energy: -108.6713890623158
Energy: -108.67184497975599
Energy: -108.67153959196578
Energy: -108.67163521672096
Energy: -108.67120888959566
Energy: -108.67181278706654
Energy: -108.67153542918724
Energy: -108.67183565724356
Energy: -108.67168772635468
Energy: -108.67180522524289
Energy: -108.67134978690115
Energy: -108.67177135641127
Energy: -108.67123592264797
Energy: -108.67177578041468
Energy: -108.6709490760817
Energy: -108.67167497965919
Energy: -108.67133973315634
Energy: -108.67180102092183
Energy: -108.6711446185393
Energy: -108.67172874362636
Energy: -108.67157429191982
Energy: -108.67181703577911
Energy: -108.6712265412505
Energy: -108.67184740024655
Energy: -108.67102741776974
Energy: -108.67169608487912
Energy: -108.6712430032168
Energy: -108.6717609266705
Energy: -108.67153642597651
Energy: -108.67187018510472
Energy: -108.67169853670907
Energy: -108.67175036782004
Energy: -108.67180589965292
Energy: -108.67210627804083
Energy: -108.67197250561436
Energy: -108.6722466229737
Energy: -108.67175182163032
Energy: -108.67205395693887
Energy: -108.67200404102213
Optimized energy: -108.6722466229737
Optimized parameters:  [3.1396371482178176, -0.005587024343253493, -0.956201283465349, -0.3231458497998912, 0.1502520710070631, -0.010475319009620898, 1.1159878831485701, -0.2984482992638072, -0.09787250916695163, -0.5302530057894792, -1.0013030987768043, 0.662672486081279, -0.08405866670034076, -0.07820020983069428, 0.544990606822088, -0.7297144961955535, -1.0256767000575868, -0.5964982760886928, -0.5481127332763934, -0.6434609089767829, 0.31527430543831, 1.6796637610885947, -0.15451635102215786, -0.03644051399163, 0.2405744487028041, -1.0371389679424592, 1.7392521187357366, 1.01092801328779, 0.2894233392174582, 1.1506308188914371, -0.07655804315775135, 1.4266256712816516, 0.519542379530798, -1.0129088168483205, 0.7507001878350826, -0.04563859696816845, -0.19666424796849885, 1.4792158479900566, 0.11580472142685187, 0.22843111038322053, 1.6573448497304115, -0.960273004285253, 0.09191081366776932, -0.13922072161335028, -0.26360387333557, -0.8405944614903614, 1.3325838636942076, -0.046219944558217964, 0.006871952233144006, -1.006245685558489, -0.344913484839487, 0.7140029504665979, -0.04562462256333925, 1.4602114827878576, 0.02657251090321215, 0.020587752608143942, -0.07808252484651412, -0.20554369782265905, 0.039509091019909535, 0.3893691269311718, -0.4415649105945892, 0.5807543089986884, 1.6461174565200922, 1.2313998832840591]
