/public/home/xzzeng/.local/lib/python3.8/site-packages/q2chem/qchem/transformation/_jordan_wigner.py:14: UserWarning: JIT: Compiling high-performance Jordan-Wigner kernel. Set environmental variable Q2CHEM_JIT to "NO" to disable JIT and use the Python-based Jordan-Wigner transformation.
  warnings.warn("JIT: Compiling high-performance Jordan-Wigner kernel. \
Using /public/home/xzzeng/.cache/torch_extensions/py38_cu121 as PyTorch extensions root...
Creating extension directory /public/home/xzzeng/.cache/torch_extensions/py38_cu121/_jordan_wigner_cpp_cpu...
Emitting ninja build file /public/home/xzzeng/.cache/torch_extensions/py38_cu121/_jordan_wigner_cpp_cpu/build.ninja...
Building extension module _jordan_wigner_cpp_cpu...
Allowing ninja to set a default number of workers... (overridable by setting the environment variable MAX_JOBS=N)
[1/2] c++ -MMD -MF _jordan_wigner_cpu.o.d -DTORCH_EXTENSION_NAME=_jordan_wigner_cpp_cpu -DTORCH_API_INCLUDE_EXTENSION_H -DPYBIND11_COMPILER_TYPE=\"_gcc\" -DPYBIND11_STDLIB=\"_libstdcpp\" -DPYBIND11_BUILD_ABI=\"_cxxabi1011\" -isystem /public/home/xzzeng/anaconda3/envs/quantum/lib/python3.8/site-packages/torch/include -isystem /public/home/xzzeng/anaconda3/envs/quantum/lib/python3.8/site-packages/torch/include/torch/csrc/api/include -isystem /public/home/xzzeng/anaconda3/envs/quantum/lib/python3.8/site-packages/torch/include/TH -isystem /public/home/xzzeng/anaconda3/envs/quantum/lib/python3.8/site-packages/torch/include/THC -isystem /public/home/xzzeng/anaconda3/envs/quantum/include/python3.8 -D_GLIBCXX_USE_CXX11_ABI=0 -fPIC -std=c++17 -O3 -std=c++17 -c /public/home/xzzeng/.local/lib/python3.8/site-packages/q2chem/qchem/transformation/_jordan_wigner_cpu.cpp -o _jordan_wigner_cpu.o 
FAILED: _jordan_wigner_cpu.o 
c++ -MMD -MF _jordan_wigner_cpu.o.d -DTORCH_EXTENSION_NAME=_jordan_wigner_cpp_cpu -DTORCH_API_INCLUDE_EXTENSION_H -DPYBIND11_COMPILER_TYPE=\"_gcc\" -DPYBIND11_STDLIB=\"_libstdcpp\" -DPYBIND11_BUILD_ABI=\"_cxxabi1011\" -isystem /public/home/xzzeng/anaconda3/envs/quantum/lib/python3.8/site-packages/torch/include -isystem /public/home/xzzeng/anaconda3/envs/quantum/lib/python3.8/site-packages/torch/include/torch/csrc/api/include -isystem /public/home/xzzeng/anaconda3/envs/quantum/lib/python3.8/site-packages/torch/include/TH -isystem /public/home/xzzeng/anaconda3/envs/quantum/lib/python3.8/site-packages/torch/include/THC -isystem /public/home/xzzeng/anaconda3/envs/quantum/include/python3.8 -D_GLIBCXX_USE_CXX11_ABI=0 -fPIC -std=c++17 -O3 -std=c++17 -c /public/home/xzzeng/.local/lib/python3.8/site-packages/q2chem/qchem/transformation/_jordan_wigner_cpu.cpp -o _jordan_wigner_cpu.o 
In file included from /public/home/xzzeng/anaconda3/envs/quantum/lib/python3.8/site-packages/torch/include/ATen/core/TensorBase.h:14,
                 from /public/home/xzzeng/anaconda3/envs/quantum/lib/python3.8/site-packages/torch/include/ATen/core/TensorBody.h:38,
                 from /public/home/xzzeng/anaconda3/envs/quantum/lib/python3.8/site-packages/torch/include/ATen/core/Tensor.h:3,
                 from /public/home/xzzeng/anaconda3/envs/quantum/lib/python3.8/site-packages/torch/include/ATen/Tensor.h:3,
                 from /public/home/xzzeng/anaconda3/envs/quantum/lib/python3.8/site-packages/torch/include/torch/csrc/autograd/function_hook.h:3,
                 from /public/home/xzzeng/anaconda3/envs/quantum/lib/python3.8/site-packages/torch/include/torch/csrc/autograd/cpp_hook.h:2,
                 from /public/home/xzzeng/anaconda3/envs/quantum/lib/python3.8/site-packages/torch/include/torch/csrc/autograd/variable.h:6,
                 from /public/home/xzzeng/anaconda3/envs/quantum/lib/python3.8/site-packages/torch/include/torch/csrc/autograd/autograd.h:3,
                 from /public/home/xzzeng/anaconda3/envs/quantum/lib/python3.8/site-packages/torch/include/torch/csrc/api/include/torch/autograd.h:3,
                 from /public/home/xzzeng/anaconda3/envs/quantum/lib/python3.8/site-packages/torch/include/torch/csrc/api/include/torch/all.h:7,
                 from /public/home/xzzeng/anaconda3/envs/quantum/lib/python3.8/site-packages/torch/include/torch/extension.h:5,
                 from /public/home/xzzeng/.local/lib/python3.8/site-packages/q2chem/qchem/transformation/_jordan_wigner_cpu.cpp:10:
/public/home/xzzeng/anaconda3/envs/quantum/lib/python3.8/site-packages/torch/include/c10/util/C++17.h:13:2: error: #error "You're trying to build PyTorch with a too old version of GCC. We need GCC 9 or later."
 #error \
  ^~~~~
ninja: build stopped: subcommand failed.
/public/home/xzzeng/.local/lib/python3.8/site-packages/q2chem/qchem/transformation/_jordan_wigner.py:26: UserWarning: Jordan-Wigner: JIT for CPU failed with error: Error building extension '_jordan_wigner_cpp_cpu'. Using python version instead.
  warnings.warn("Jordan-Wigner: JIT for CPU failed with error: {}. \
/public/home/xzzeng/.local/lib/python3.8/site-packages/q2chem/qcirc/qpu/simulator/_state_vector_simulator.py:55: UserWarning: JIT: Compiling high-performance state vector simulator. Set environmental variable Q2CHEM_JIT to "NO" to disable JIT and use the Python-based state vector simulator.
  warnings.warn("JIT: Compiling high-performance state vector simulator. \
Using /public/home/xzzeng/.cache/torch_extensions/py38_cu121 as PyTorch extensions root...
Creating extension directory /public/home/xzzeng/.cache/torch_extensions/py38_cu121/_apply_quantum_gate_cpp_cpu...
Emitting ninja build file /public/home/xzzeng/.cache/torch_extensions/py38_cu121/_apply_quantum_gate_cpp_cpu/build.ninja...
Building extension module _apply_quantum_gate_cpp_cpu...
Allowing ninja to set a default number of workers... (overridable by setting the environment variable MAX_JOBS=N)
[1/2] c++ -MMD -MF _state_vector_simulator_cpu.o.d -DTORCH_EXTENSION_NAME=_apply_quantum_gate_cpp_cpu -DTORCH_API_INCLUDE_EXTENSION_H -DPYBIND11_COMPILER_TYPE=\"_gcc\" -DPYBIND11_STDLIB=\"_libstdcpp\" -DPYBIND11_BUILD_ABI=\"_cxxabi1011\" -isystem /public/home/xzzeng/anaconda3/envs/quantum/lib/python3.8/site-packages/torch/include -isystem /public/home/xzzeng/anaconda3/envs/quantum/lib/python3.8/site-packages/torch/include/torch/csrc/api/include -isystem /public/home/xzzeng/anaconda3/envs/quantum/lib/python3.8/site-packages/torch/include/TH -isystem /public/home/xzzeng/anaconda3/envs/quantum/lib/python3.8/site-packages/torch/include/THC -isystem /public/home/xzzeng/anaconda3/envs/quantum/include/python3.8 -D_GLIBCXX_USE_CXX11_ABI=0 -fPIC -std=c++17 -std=c++17 -O3 -fopenmp -c /public/home/xzzeng/.local/lib/python3.8/site-packages/q2chem/qcirc/qpu/simulator/_state_vector_simulator_cpu.cpp -o _state_vector_simulator_cpu.o 
FAILED: _state_vector_simulator_cpu.o 
c++ -MMD -MF _state_vector_simulator_cpu.o.d -DTORCH_EXTENSION_NAME=_apply_quantum_gate_cpp_cpu -DTORCH_API_INCLUDE_EXTENSION_H -DPYBIND11_COMPILER_TYPE=\"_gcc\" -DPYBIND11_STDLIB=\"_libstdcpp\" -DPYBIND11_BUILD_ABI=\"_cxxabi1011\" -isystem /public/home/xzzeng/anaconda3/envs/quantum/lib/python3.8/site-packages/torch/include -isystem /public/home/xzzeng/anaconda3/envs/quantum/lib/python3.8/site-packages/torch/include/torch/csrc/api/include -isystem /public/home/xzzeng/anaconda3/envs/quantum/lib/python3.8/site-packages/torch/include/TH -isystem /public/home/xzzeng/anaconda3/envs/quantum/lib/python3.8/site-packages/torch/include/THC -isystem /public/home/xzzeng/anaconda3/envs/quantum/include/python3.8 -D_GLIBCXX_USE_CXX11_ABI=0 -fPIC -std=c++17 -std=c++17 -O3 -fopenmp -c /public/home/xzzeng/.local/lib/python3.8/site-packages/q2chem/qcirc/qpu/simulator/_state_vector_simulator_cpu.cpp -o _state_vector_simulator_cpu.o 
In file included from /public/home/xzzeng/anaconda3/envs/quantum/lib/python3.8/site-packages/torch/include/ATen/core/TensorBase.h:14,
                 from /public/home/xzzeng/anaconda3/envs/quantum/lib/python3.8/site-packages/torch/include/ATen/core/TensorBody.h:38,
                 from /public/home/xzzeng/anaconda3/envs/quantum/lib/python3.8/site-packages/torch/include/ATen/core/Tensor.h:3,
                 from /public/home/xzzeng/anaconda3/envs/quantum/lib/python3.8/site-packages/torch/include/ATen/Tensor.h:3,
                 from /public/home/xzzeng/anaconda3/envs/quantum/lib/python3.8/site-packages/torch/include/torch/csrc/autograd/function_hook.h:3,
                 from /public/home/xzzeng/anaconda3/envs/quantum/lib/python3.8/site-packages/torch/include/torch/csrc/autograd/cpp_hook.h:2,
                 from /public/home/xzzeng/anaconda3/envs/quantum/lib/python3.8/site-packages/torch/include/torch/csrc/autograd/variable.h:6,
                 from /public/home/xzzeng/anaconda3/envs/quantum/lib/python3.8/site-packages/torch/include/torch/csrc/autograd/autograd.h:3,
                 from /public/home/xzzeng/anaconda3/envs/quantum/lib/python3.8/site-packages/torch/include/torch/csrc/api/include/torch/autograd.h:3,
                 from /public/home/xzzeng/anaconda3/envs/quantum/lib/python3.8/site-packages/torch/include/torch/csrc/api/include/torch/all.h:7,
                 from /public/home/xzzeng/anaconda3/envs/quantum/lib/python3.8/site-packages/torch/include/torch/extension.h:5,
                 from /public/home/xzzeng/.local/lib/python3.8/site-packages/q2chem/qcirc/qpu/simulator/_state_vector_simulator_cpu.cpp:2:
/public/home/xzzeng/anaconda3/envs/quantum/lib/python3.8/site-packages/torch/include/c10/util/C++17.h:13:2: error: #error "You're trying to build PyTorch with a too old version of GCC. We need GCC 9 or later."
 #error \
  ^~~~~
ninja: build stopped: subcommand failed.
/public/home/xzzeng/.local/lib/python3.8/site-packages/q2chem/qcirc/qpu/simulator/_state_vector_simulator.py:80: UserWarning: StateVector: JIT for CPU failed with error: Error building extension '_apply_quantum_gate_cpp_cpu'. Using python version instead.
  warnings.warn("StateVector: JIT for CPU failed with error: {}. \
Using /public/home/xzzeng/.cache/torch_extensions/py38_cu121 as PyTorch extensions root...
Creating extension directory /public/home/xzzeng/.cache/torch_extensions/py38_cu121/_apply_quantum_gate_cpp_gpu...
Detected CUDA files, patching ldflags
/public/home/xzzeng/.local/lib/python3.8/site-packages/q2chem/qcirc/qpu/simulator/_state_vector_simulator.py:102: UserWarning: StateVector: JIT for GPU failed with error: CUDA_HOME environment variable is not set. Please set it to your CUDA install root.. Using python version instead.
  warnings.warn("StateVector: JIT for GPU failed with error: {}. \
filtered_states:  [('111111111111111100000000', 0.309431081, 0), ('111111111111001111000000', -0.283526173, 1), ('011111111111111100001000', -0.207363305, 2), ('101111111111111100000100', 0.207363305, 3), ('110111111111111100000010', -0.202102923, 4), ('111011111111111100000001', 0.202102923, 5), ('111111110111111100000010', 0.1893767, 6), ('111111111011111100000001', -0.1893767, 7), ('110111111111001111000010', 0.171684409, 8), ('111011111111001111000001', -0.171684409, 9), ('011111111111001111001000', 0.170045029, 10), ('101111111111001111000100', -0.170045029, 11)]
excitations:  [[4, 12, 13, 16, 17], [2, 0, 20], [2, 1, 21], [2, 2, 22], [2, 3, 23], [6, 0, 12, 13, 16, 17, 20], [6, 1, 12, 13, 16, 17, 21], [2, 8, 22], [2, 9, 23], [6, 2, 12, 13, 16, 17, 22], [6, 3, 12, 13, 16, 17, 23], [6, 8, 12, 13, 16, 17, 22], [6, 9, 12, 13, 16, 17, 23], [6, 2, 12, 13, 16, 17, 22], [6, 3, 12, 13, 16, 17, 23], [6, 0, 12, 13, 16, 17, 20], [6, 1, 12, 13, 16, 17, 21], [2, 2, 22], [2, 3, 23], [2, 0, 20], [2, 1, 21], [4, 0, 1, 20, 21], [4, 0, 2, 20, 22], [4, 0, 3, 20, 23], [4, 1, 2, 21, 22], [4, 1, 3, 21, 23], [4, 2, 3, 22, 23], [4, 0, 8, 20, 22], [4, 0, 9, 20, 23], [4, 1, 8, 21, 22], [4, 1, 9, 21, 23], [2, 2, 8], [4, 2, 9, 22, 23], [4, 3, 8, 22, 23], [2, 3, 9], [4, 8, 9, 22, 23], [8, 0, 2, 12, 13, 16, 17, 20, 22], [8, 0, 3, 12, 13, 16, 17, 20, 23], [8, 1, 2, 12, 13, 16, 17, 21, 22], [8, 1, 3, 12, 13, 16, 17, 21, 23], [4, 12, 13, 16, 17], [8, 0, 1, 12, 13, 16, 17, 20, 21], [8, 0, 1, 12, 13, 16, 17, 20, 21], [4, 12, 13, 16, 17], [4, 12, 13, 16, 17], [8, 2, 3, 12, 13, 16, 17, 22, 23], [8, 2, 3, 12, 13, 16, 17, 22, 23], [4, 12, 13, 16, 17], [8, 0, 2, 12, 13, 16, 17, 20, 22], [8, 1, 2, 12, 13, 16, 17, 21, 22], [8, 0, 3, 12, 13, 16, 17, 20, 23], [8, 1, 3, 12, 13, 16, 17, 21, 23], [6, 2, 8, 12, 13, 16, 17], [8, 3, 8, 12, 13, 16, 17, 22, 23], [8, 2, 9, 12, 13, 16, 17, 22, 23], [6, 3, 9, 12, 13, 16, 17], [8, 0, 8, 12, 13, 16, 17, 20, 22], [8, 1, 8, 12, 13, 16, 17, 21, 22], [8, 0, 9, 12, 13, 16, 17, 20, 23], [8, 1, 9, 12, 13, 16, 17, 21, 23], [4, 2, 3, 22, 23], [4, 0, 2, 20, 22], [4, 1, 2, 21, 22], [4, 0, 3, 20, 23], [4, 1, 3, 21, 23], [4, 0, 1, 20, 21]]
unique_position:  [0, 1, 2, 3, 8, 9, 12, 13, 16, 17, 20, 21, 22, 23]
remaining_positions:  [4, 5, 6, 7, 10, 11, 14, 15, 18, 19]
Num_params:  119
simulator options:
{'initial_state': 'allzero', 'device': 'cpu', 'n_threads': 32}
mps options:
{'max_bond_dimension': 64, 'cut_threshold': 1e-06, 'algorithm': 'vidal'}
Start optimization.
Number of qubits: 24
Number of parameters: 119
Energy: -1653.6304217532866
Energy: -1653.790585646025
Energy: -1653.8298782652387
Energy: -1653.7905824240543
Energy: -1653.5031412783817
Energy: -1653.774697037516
Energy: -1653.8298782652366
Energy: -1653.8275095802296
Energy: -1653.8298782652403
Energy: -1653.8067892659394
Energy: -1653.7227008107518
Energy: -1653.7892784766998
Energy: -1653.8298782652398
Energy: -1653.8469388317892
Energy: -1653.8469388317903
Energy: -1653.8254888990796
Energy: -1653.8469388317897
Energy: -1653.803647008666
Energy: -1653.846938831789
Energy: -1653.8254888990816
Energy: -1653.8469388317897
Energy: -1653.803647008665
Energy: -1653.8469388317926
Energy: -1653.8254888990814
Energy: -1653.846938831788
Energy: -1653.8416948496565
Energy: -1653.8469388317933
Energy: -1653.8243615860729
Energy: -1653.5352317514555
Energy: -1653.7922736110775
Energy: -1653.8520793899759
Energy: -1653.8123326488671
Energy: -1653.84450715766
Energy: -1653.7734771866194
Energy: -1653.8269156233207
Energy: -1653.4772201692053
Energy: -1653.739754992363
Energy: -1653.460675711313
Energy: -1653.833812902757
Energy: -1653.8420814796038
Energy: -1653.7142537556263
Energy: -1653.782656916477
Energy: -1653.8520793899738
Energy: -1653.5231713324065
Energy: -1653.6990579156154
Energy: -1653.8520793899734
Energy: -1653.7276599253366
Energy: -1653.8335495143492
Energy: -1653.8429660432882
Energy: -1653.8495489762306
Energy: -1653.8429867121783
Energy: -1653.7877587235057
Energy: -1653.8224301633436
Energy: -1653.852761130605
Energy: -1653.823036555273
Energy: -1653.9996640978873
Energy: -1653.995671234862
Energy: -1653.972711665859
Energy: -1653.9956712348671
Energy: -1653.972711665858
Energy: -1654.117261475614
Energy: -1654.0876896066586
Energy: -1653.8413341580165
Energy: -1653.9514025555434
Energy: -1653.8413341580115
Energy: -1653.951402555548
Energy: -1654.0876896066577
Energy: -1654.0436344790926
Energy: -1654.0785706822523
Energy: -1653.862015779916
Energy: -1653.9520000074597
Energy: -1654.1069441831116
Energy: -1654.0786596208386
Energy: -1654.1254458496041
Energy: -1653.9590380694476
Energy: -1653.9567342669418
Energy: -1654.1351662343188
Energy: -1654.1032251065803
Energy: -1653.9701272574207
Energy: -1654.0014649155667
Energy: -1653.9701272574337
Energy: -1654.1368613195796
Energy: -1654.163696794456
Energy: -1654.1542572939393
Energy: -1654.1271860740287
Energy: -1654.1480117854599
Energy: -1653.993608830918
Energy: -1654.15790718116
Energy: -1654.1271046723048
Energy: -1654.17403264197
Energy: -1654.0028237148874
Energy: -1653.9601086289147
Energy: -1654.0724825667355
Energy: -1653.9573901237325
Energy: -1654.1524088645936
Energy: -1654.0927856471549
Energy: -1654.1593477181398
Energy: -1654.1723266833412
Energy: -1654.0380766258054
Energy: -1654.0381924852363
Energy: -1654.1524843183086
Energy: -1654.1740326419663
Energy: -1654.1740326419688
Energy: -1654.17403264197
Energy: -1654.174032641967
Energy: -1654.1603341426198
Energy: -1654.1751073709793
Energy: -1654.1840453398884
Energy: -1654.1949346780702
Energy: -1654.195281177762
Energy: -1654.1143361353427
Energy: -1654.1952811777633
Energy: -1654.1951208337816
Energy: -1654.2328166564778
Energy: -1654.2153223982841
Energy: -1654.2328166564757
Energy: -1654.217511946153
Energy: -1654.189495512197
Energy: -1654.232890095947
Energy: -1654.2462332995522
Energy: -1653.7881376079986
Energy: -1654.219337306251
Energy: -1653.9624529120922
Energy: -1654.2520772611633
Energy: -1654.1375066414555
Energy: -1654.223415529465
Energy: -1654.1298134811318
Energy: -1654.2520772611604
Energy: -1654.2124372191718
Energy: -1654.2438163316353
Energy: -1654.2039996251992
Energy: -1654.2520772611597
Energy: -1654.2644889893434
Energy: -1654.2644889893415
Energy: -1654.2477441231567
Energy: -1654.2644890730862
Energy: -1654.2122125968267
Energy: -1654.264735273809
Energy: -1654.1343454015812
Energy: -1654.2647352738106
Energy: -1654.178536201006
Energy: -1654.2647352738127
Energy: -1653.9287682752845
Energy: -1654.2647352738118
Energy: -1653.8060740038093
Energy: -1654.2573823784533
Energy: -1653.816400233702
Energy: -1654.2647352738134
Energy: -1653.8588144837925
Energy: -1654.2647352738106
Energy: -1654.071246801105
Energy: -1654.2590496474481
Energy: -1654.154875625881
Energy: -1654.2647352738065
Energy: -1654.079353959145
Energy: -1654.2131209847391
Energy: -1654.0819196619893
Energy: -1654.239274128962
Energy: -1654.1741201492155
Energy: -1654.2349082149337
Energy: -1654.175978349413
Energy: -1654.2583592228875
Energy: -1654.2343644229827
Energy: -1654.259074785094
Energy: -1654.2624322058898
Energy: -1654.2642743641202
Energy: -1654.2619334943047
Energy: -1654.2626253641845
Energy: -1654.2570662733929
Energy: -1654.2626647582642
Energy: -1654.2642885395594
Energy: -1654.264733765182
Energy: -1654.2152461331248
Energy: -1654.2642806326016
Energy: -1654.1571825520991
Energy: -1654.2591530751092
Energy: -1654.206171901994
Energy: -1654.2631522532351
Energy: -1654.0394178651936
Energy: -1654.2608846151666
Energy: -1654.0256739870895
Energy: -1654.2604158014399
Energy: -1653.9691393899136
Energy: -1654.2647352738004
Energy: -1653.9677285182077
Energy: -1654.2537134603187
Energy: -1654.1067492881054
Energy: -1654.2604035397892
Energy: -1654.2388842677083
Energy: -1654.2304229716087
Energy: -1654.2481970162162
Energy: -1654.2656401149916
Energy: -1654.1990651107267
Energy: -1654.2182856537281
Energy: -1654.0774298947035
Energy: -1654.2565513442983
Energy: -1654.1117223739489
Energy: -1654.2308414154425
Energy: -1654.116323797448
Energy: -1654.2558323140177
Energy: -1654.0901113569603
Energy: -1654.2741198095557
Energy: -1654.071581136658
Energy: -1654.2739488008615
Energy: -1654.0855308259183
Energy: -1654.268248761241
Energy: -1654.0853181195225
Energy: -1654.271299654425
Energy: -1654.1555074524765
Energy: -1654.2819427274478
Energy: -1654.1151363289212
Energy: -1654.2770488678684
Energy: -1654.2394793223725
Energy: -1654.2807790559225
Energy: -1654.1973976585723
Energy: -1654.276747219274
Energy: -1654.279825286209
Energy: -1654.2813188738032
Energy: -1654.2612876410853
Energy: -1654.2894490837637
Energy: -1654.263213920994
Energy: -1654.3012954316375
Energy: -1654.2960480915049
Energy: -1654.3012934396925
Energy: -1654.2958792974143
Energy: -1654.3013122276784
Energy: -1654.2951379154533
Energy: -1654.3012780934937
Energy: -1654.284466196769
Energy: -1654.3014660005958
Energy: -1654.2527757119617
Energy: -1654.300519406311
Energy: -1654.248321185546
Energy: -1654.301465841584
Energy: -1654.2852936025895
Energy: -1654.2965134585666
Energy: -1654.2809174608044
Energy: -1654.3014660260608
Energy: -1653.8061574194055
Energy: -1654.2975477036287
Energy: -1654.0189823898545
Energy: -1654.3017001250455
Energy: -1654.1746909149206
Energy: -1654.2788330942979
Energy: -1654.1842176075268
Energy: -1654.2654125904157
Energy: -1654.1650820494128
Energy: -1654.2914114066973
Energy: -1654.1893219793783
Energy: -1654.2838169838149
Energy: -1654.2698331806992
Energy: -1654.3017001250628
Energy: -1654.3165915038346
Energy: -1654.3165915038342
Energy: -1654.2601750784297
Energy: -1654.324789225796
Energy: -1654.3005235147002
Energy: -1654.3247892257982
Energy: -1653.907814791176
Energy: -1654.2214488859686
Energy: -1653.9616983641856
Energy: -1654.3247304252727
Energy: -1653.93013514893
Energy: -1654.2803011490096
Energy: -1654.0945312174401
Energy: -1654.324561835138
Energy: -1653.843506095315
Energy: -1654.277640542414
Energy: -1654.1453384909732
Energy: -1654.2821667400374
Energy: -1654.1352006578527
Energy: -1654.316673063775
Energy: -1654.1910142788079
Energy: -1654.2985284568979
Energy: -1654.21545797409
Energy: -1654.3081804023423
Energy: -1654.2682018381443
Energy: -1654.323127622538
Energy: -1654.304236581027
Energy: -1654.3274240119306
Energy: -1654.300211742484
Energy: -1654.3271466904937
Energy: -1654.1366979287989
Energy: -1654.324516024814
Energy: -1654.1701847217234
Energy: -1654.3531991475284
Energy: -1654.2676240995315
Energy: -1654.3531913383881
Energy: -1654.2661608001915
Energy: -1654.3531991475252
Energy: -1654.2886415247258
Energy: -1654.3054895741986
Energy: -1654.1878212455488
Energy: -1654.2966006938216
Energy: -1654.2133526732312
Energy: -1654.3440984107526
Energy: -1654.1936566603467
Energy: -1654.3531991475288
Energy: -1654.2771208350416
Energy: -1654.3531991475397
Energy: -1654.127798047226
Energy: -1654.3127773406775
Energy: -1654.248942337023
Energy: -1654.3413227433578
Energy: -1654.2784173738132
Energy: -1654.3548819156738
Energy: -1654.2402304562827
Energy: -1654.3636401236338
Energy: -1654.3549663623126
Energy: -1654.3649917555397
Energy: -1654.3671521204542
Energy: -1654.367069020361
Energy: -1654.3594396533947
Energy: -1654.3685747981337
Energy: -1654.3546327004708
Energy: -1654.3726583749688
Energy: -1654.1868791819636
Energy: -1654.3705217596187
Energy: -1654.2503630441224
Energy: -1654.3724087685596
Energy: -1654.3164888747756
Energy: -1654.3712199031474
Energy: -1654.3398710809925
Energy: -1654.3729594272993
Energy: -1654.3381526145617
Energy: -1654.3729594272443
Energy: -1654.3193589685097
Energy: -1654.3729594272736
Energy: -1654.3493540940724
Energy: -1654.3729594273063
Energy: -1654.3212100986505
Energy: -1654.3710838115244
Energy: -1654.3650467254758
Energy: -1654.3683586745144
Energy: -1654.371030228359
Energy: -1654.3695872472642
Energy: -1654.369497124575
Energy: -1654.361259800553
Energy: -1654.2997876806944
Energy: -1654.3715748874456
Energy: -1654.3471546508651
Energy: -1654.3654470556723
Energy: -1654.354619268174
Energy: -1654.3701674780223
Energy: -1654.3114194106313
Energy: -1654.3644936359647
Energy: -1654.3208245932876
Energy: -1654.3850129881844
Energy: -1654.3218640027294
Energy: -1654.2864564268816
Energy: -1653.9358543062342
Energy: -1654.3990358142241
Energy: -1654.24069146266
Energy: -1654.3977497449032
Energy: -1654.2395501609317
Energy: -1654.351236677784
Energy: -1654.2572238487262
Energy: -1654.3743056385204
Energy: -1654.2948760747145
Energy: -1654.398813437424
Energy: -1654.3080419742296
Energy: -1654.3990933074672
Energy: -1654.3154480232745
Energy: -1654.3942904872413
Energy: -1654.3728707733335
Energy: -1654.3991607307075
Energy: -1654.3513619859123
Energy: -1654.3991616378755
Energy: -1654.3427932514946
Energy: -1654.3991610406365
Energy: -1654.3503868404564
Energy: -1654.3870665565212
Energy: -1654.3909197361304
Energy: -1654.399161637854
Energy: -1654.2976701750624
Energy: -1654.283947972303
Energy: -1653.9978214865405
Energy: -1654.3021287609902
Energy: -1654.0375602987829
Energy: -1654.368463669147
Energy: -1654.2275896880435
Energy: -1654.391624933468
Energy: -1654.2322468795915
Energy: -1654.3837032962133
Energy: -1654.3030412283454
Energy: -1654.394517880513
Energy: -1654.1951858400348
Energy: -1654.3890913370858
Energy: -1654.217054034724
Energy: -1654.3991616378703
Energy: -1654.2030123241893
Energy: -1654.3355733388476
Energy: -1654.2403749385444
Energy: -1654.3875954407356
Energy: -1654.2279410402368
Energy: -1654.3877439211055
Energy: -1654.3324542076577
Energy: -1654.3632979522483
Energy: -1654.0792827603816
Energy: -1654.29877684972
Energy: -1654.2304325353102
Energy: -1654.3694582127096
Energy: -1654.2515698848758
Energy: -1654.3852731147415
Energy: -1654.3665162906616
Energy: -1654.3939668949606
Energy: -1654.1835606437628
Energy: -1654.3994335374011
Energy: -1654.2911468614882
Energy: -1654.3995911877673
Energy: -1654.3308668759944
Energy: -1654.3995911877598
Energy: -1654.2899777559926
Energy: -1654.398573136334
Energy: -1654.2039173002481
Energy: -1654.3984922956122
Energy: -1654.2138120843601
Energy: -1654.3992810400982
Energy: -1654.330542851024
Energy: -1654.3992924458557
Energy: -1654.3633059021429
Energy: -1654.399591187769
Energy: -1654.397923166684
Energy: -1654.3995911877641
Energy: -1654.2722770224664
Energy: -1654.399591187771
Energy: -1654.3514489798044
Energy: -1654.3929443164916
Energy: -1654.366101986831
Energy: -1654.3987634843368
Energy: -1654.3910753827258
Energy: -1654.3979980351855
Energy: -1654.3553294133583
Energy: -1654.4061675222356
Energy: -1654.1828277514715
Energy: -1654.4055541259697
Energy: -1654.3083432844585
Energy: -1654.3926091991175
Energy: -1654.2236967493434
Energy: -1654.392303587277
Energy: -1654.0353710886925
Energy: -1654.3951042408519
Energy: -1654.2644897357338
Energy: -1654.384604466616
Energy: -1654.3884394403103
Energy: -1654.395624410652
Energy: -1654.0353661095853
Energy: -1654.4050590282743
Energy: -1654.2709514109222
Energy: -1654.3928011054736
Energy: -1654.0360900996914
Energy: -1654.3731199766244
Energy: -1654.4030774531798
Energy: -1654.3905857588993
Energy: -1654.4061270225968
Energy: -1654.3983292884218
Energy: -1654.4051530791864
Energy: -1654.3975757664505
Energy: -1654.4011694613446
Energy: -1654.399942900635
Energy: -1654.4112294432439
Energy: -1654.3822138215194
Energy: -1654.4071087187672
Energy: -1654.40901364
Energy: -1654.4122993002484
Energy: -1654.40781675544
Energy: -1654.4119428373806
Energy: -1654.4109837258927
Energy: -1654.4119044839877
Energy: -1654.3849162032254
Energy: -1654.4122993002702
Energy: -1654.3933371051419
Energy: -1654.4122993002768
Energy: -1654.3747316692254
Energy: -1654.409977351535
Energy: -1654.4074450858163
Energy: -1654.4133704241551
Energy: -1654.4120466035386
Energy: -1654.4119257047316
Energy: -1654.409535608368
Energy: -1654.4181301913047
Energy: -1654.4223061208284
Energy: -1654.4180467660954
Energy: -1654.4021080156367
Energy: -1654.4301836352442
Energy: -1654.349777162289
Energy: -1654.4170590817312
Energy: -1654.348437177192
Energy: -1654.4153592164018
Energy: -1654.3607870022454
Energy: -1654.4243301606025
Energy: -1654.3804867210044
Energy: -1654.4222496554787
Energy: -1654.3913151353208
Energy: -1654.4071049539725
Energy: -1654.404106846677
Energy: -1654.4357036738706
Energy: -1654.395244329491
Energy: -1654.4235351626057
Energy: -1654.3709966548201
Energy: -1654.4172664193466
Energy: -1654.4183803736937
Energy: -1654.4302249049986
Energy: -1654.4158432095057
Energy: -1654.4421466530775
Energy: -1654.4090674629676
Energy: -1654.4405062164403
Energy: -1654.4213288945477
Energy: -1654.4437187738754
Energy: -1654.434744543461
Energy: -1654.4426931587172
Energy: -1654.4359516571
Energy: -1654.4409464023684
Energy: -1654.4009478546884
Energy: -1654.429723158548
Energy: -1654.3959063218338
Energy: -1654.4389120983772
Energy: -1654.425688807467
Energy: -1654.443711015435
Energy: -1654.4320337400673
Energy: -1654.4160020907102
Energy: -1654.3716230283924
Energy: -1654.4181911356811
Energy: -1654.371072759371
Energy: -1654.4284200756192
Energy: -1654.3724389467402
Energy: -1654.4437547650623
Energy: -1654.4041168613626
Energy: -1654.4290943330438
Energy: -1654.4283712489705
Energy: -1654.4396730871135
Energy: -1654.4419066203027
Energy: -1654.4340217060444
Energy: -1654.4297219176701
Energy: -1654.4511197990046
Energy: -1654.444460573073
Energy: -1654.4423075664502
Energy: -1654.4525593249502
Energy: -1654.4525968940322
Energy: -1654.451848972681
Energy: -1654.4526024485608
Energy: -1654.442034171084
Energy: -1654.4526599533046
Energy: -1654.4391271064965
Energy: -1654.4527983576445
Energy: -1654.39877929258
Energy: -1654.4545132120747
Energy: -1654.3938846066317
Energy: -1654.437615823295
Energy: -1654.4202010848596
Energy: -1654.462672190436
Energy: -1654.4192307253759
Energy: -1654.4628443698991
Energy: -1654.42048438073
Energy: -1654.4641289774875
Energy: -1654.4323643065777
Energy: -1654.4641658232922
Energy: -1654.453901157122
Energy: -1654.464100599535
Energy: -1654.4592378267141
Energy: -1654.4639352028148
Energy: -1654.4619749922442
Energy: -1654.464165823293
Energy: -1654.4610147163057
Energy: -1654.4629825274615
Energy: -1654.4477485897783
Energy: -1654.457894645114
Energy: -1654.4586712992375
Energy: -1654.4578826528432
Energy: -1654.4501588566936
Energy: -1654.4635972240874
Energy: -1654.455866412425
Energy: -1654.4558755795695
Energy: -1654.459329587758
Energy: -1654.4623159699713
Energy: -1654.4322955986277
Energy: -1654.4451594165273
Energy: -1654.4368335054253
Energy: -1654.4610224991645
Energy: -1654.4500384663477
Energy: -1654.4634740619508
Energy: -1654.4523872878265
Energy: -1654.4639863826133
Energy: -1654.4520606326985
Energy: -1654.4643825722158
Energy: -1654.4633176647417
Energy: -1654.4641914878878
Energy: -1654.4245845703483
Energy: -1654.464463805256
Energy: -1654.4345701678196
Energy: -1654.459496270729
Energy: -1654.456492613749
Energy: -1654.4657364551647
Energy: -1654.4587803327404
Energy: -1654.4656311788538
Energy: -1654.4630969454142
Energy: -1654.4657364551833
Energy: -1654.4648228772014
Energy: -1654.465736455178
Energy: -1654.4594858876774
Energy: -1654.4642569234825
Energy: -1654.4609582211617
Energy: -1654.4557438044726
Energy: -1654.3864216177458
Energy: -1654.434751926039
Energy: -1654.4160112606523
Energy: -1654.44693985427
Energy: -1654.3884331464656
Energy: -1654.4662573627413
Energy: -1654.4285765260213
Energy: -1654.4529651109162
Energy: -1654.415541690914
Energy: -1654.446621389562
Energy: -1654.4328111599252
Energy: -1654.4714415466165
Energy: -1654.447927832077
Energy: -1654.4508552518391
Energy: -1654.4202423313436
Energy: -1654.4559442898517
Energy: -1654.4296972897903
Energy: -1654.4534870597843
Energy: -1654.4644830780449
Energy: -1654.4768124336229
Energy: -1654.3894790609618
Energy: -1654.4845967095728
Energy: -1654.4248532333422
Energy: -1654.4791678330612
Energy: -1654.4744156526804
Energy: -1654.4852618494094
Energy: -1654.47070383716
Energy: -1654.4863533850018
Energy: -1654.4319488300519
Energy: -1654.4785846826546
Energy: -1654.4582820587204
Energy: -1654.486863725937
Energy: -1654.4657486765368
Energy: -1654.4777980883139
Energy: -1654.4782876839486
Energy: -1654.4836706957765
Energy: -1654.4674350577804
Energy: -1654.4947253165894
Energy: -1654.4950270363236
Energy: -1654.4693418533736
Energy: -1654.428232638968
Energy: -1654.4878166723786
Energy: -1654.4639809994555
Energy: -1654.494575111442
Energy: -1654.4723652620066
Energy: -1654.493058438954
Energy: -1654.476951203747
Energy: -1654.4971801064878
Energy: -1654.4924698775162
Energy: -1654.4973418751617
Energy: -1654.481550065001
Energy: -1654.4973715459773
Energy: -1654.4441584140898
Energy: -1654.4970546411432
Energy: -1654.507221587067
Energy: -1654.503533227691
Energy: -1654.4894813943272
Energy: -1654.5003728596919
Energy: -1654.4451763622642
Energy: -1654.5071583598058
Energy: -1654.4561902531075
Energy: -1654.5070963358385
Energy: -1654.4917502795915
Energy: -1654.5070504451428
Energy: -1654.481195935822
Energy: -1654.5067563243085
Energy: -1654.450890404388
Energy: -1654.495636777142
Energy: -1654.472278529559
Energy: -1654.5069522409183
Energy: -1654.4714992101235
Energy: -1654.5095474118543
Energy: -1654.4867400494284
Energy: -1654.508295625253
Energy: -1654.4742310911415
Energy: -1654.5113074976846
Energy: -1654.4948877725958
Energy: -1654.514573222485
Energy: -1654.4920606877693
Energy: -1654.5108571328133
Energy: -1654.5045227580492
Energy: -1654.5109320468143
Energy: -1654.5032153641328
Energy: -1654.5153799187835
Energy: -1654.5065443397432
Energy: -1654.512300073025
Energy: -1654.4829553263926
Energy: -1654.5142510201524
Energy: -1654.496699493601
Energy: -1654.5151210829308
Energy: -1654.5021763519778
Energy: -1654.5153860399896
Energy: -1654.4599265585236
Energy: -1654.515571065806
Energy: -1654.500022556397
Energy: -1654.5155903777395
Energy: -1654.4986938457466
Energy: -1654.5137813002063
Energy: -1654.497414512543
Energy: -1654.5155017305913
Energy: -1654.507633622091
Energy: -1654.5150887075083
Energy: -1654.510612059748
Energy: -1654.5137502999191
Energy: -1654.5126193064918
Energy: -1654.5148444101137
Energy: -1654.479657134364
Energy: -1654.5155903777343
Energy: -1654.4706800939625
Energy: -1654.5183615630121
Energy: -1654.4663925433806
Energy: -1654.5162990562555
Energy: -1654.4773504972593
Energy: -1654.5182624655547
Energy: -1654.4826185360553
Energy: -1654.518216509715
Energy: -1654.5042052235362
Energy: -1654.5184891732224
Energy: -1654.5017189995535
Energy: -1654.518444894421
Energy: -1654.4606644260023
Energy: -1654.5199734338466
Energy: -1654.4778432594774
Energy: -1654.5187475166458
Energy: -1654.4970502280437
Energy: -1654.5201607262804
Energy: -1654.4488466854305
Energy: -1654.5081169880345
Energy: -1654.4419075684848
Energy: -1654.5150472536372
Energy: -1654.4875682596808
Energy: -1654.5201607262686
Energy: -1654.4755292521766
Energy: -1654.5201607262823
Energy: -1654.4859328762434
Energy: -1654.4976048378758
Energy: -1654.4859843646855
Energy: -1654.5165376528068
Energy: -1654.4383738628626
Energy: -1654.5148801579862
Energy: -1654.4866451311332
Energy: -1654.5211427568188
Energy: -1654.4994782875824
Energy: -1654.5154686498681
Energy: -1654.505342340183
Energy: -1654.51516897236
Energy: -1654.50034990941
Energy: -1654.5146110718636
Energy: -1654.4822204302811
Energy: -1654.5083989201316
Energy: -1654.5056350722189
Energy: -1654.5189701057734
Energy: -1654.4627786313968
Energy: -1654.5220908604495
Energy: -1654.473386169175
Energy: -1654.5181540737503
Energy: -1654.5175680658333
Energy: -1654.5133658794684
Energy: -1654.4507123734322
Energy: -1654.4990483407967
Energy: -1654.4911055779808
Energy: -1654.5177127270963
Energy: -1654.5151669343063
Energy: -1654.5215751461878
Energy: -1654.5133899702168
Energy: -1654.5154818110752
Energy: -1654.478168936292
Energy: -1654.5123791114192
Energy: -1654.4878561990838
Energy: -1654.5199257202823
Energy: -1654.5085332372998
Energy: -1654.5083014567867
Energy: -1654.469210548352
Energy: -1654.5218251874726
Energy: -1654.4937958082
Energy: -1654.5223541527039
Energy: -1654.4685003247555
Energy: -1654.5248091283452
Energy: -1654.484449269624
Energy: -1654.525065660202
Energy: -1654.5105594375482
Energy: -1654.5257042071314
Energy: -1654.5020145358762
Energy: -1654.5173372760166
Energy: -1654.4867460805053
Energy: -1654.521866989262
Energy: -1654.5116900601774
Energy: -1654.5219486716455
Energy: -1654.5134951759978
Energy: -1654.524677432784
Energy: -1654.5089949331682
Energy: -1654.5262883861988
Energy: -1654.501599722972
Energy: -1654.5265169752977
Energy: -1654.5170963810385
Energy: -1654.526484014778
Energy: -1654.514083276605
Energy: -1654.5265468184211
Energy: -1654.4912510308855
Energy: -1654.526613990775
Energy: -1654.5182887966107
Energy: -1654.527544551199
Energy: -1654.5098615266465
Energy: -1654.5272129717457
Energy: -1654.4799136120112
Energy: -1654.527516040661
Energy: -1654.5123650957214
Energy: -1654.5267311642174
Energy: -1654.5163067788164
Energy: -1654.5293760771347
Energy: -1654.5238797170362
Energy: -1654.5288599829778
Energy: -1654.5247491680182
Energy: -1654.5259001413729
Energy: -1654.4895348951375
Energy: -1654.5215851994492
Energy: -1654.4654064272277
Energy: -1654.528552592582
Energy: -1654.5096721829034
Energy: -1654.5260067749693
Energy: -1654.483712024479
Energy: -1654.5293295868655
Energy: -1654.4750852714722
Energy: -1654.5264091743538
Energy: -1654.495380042835
Energy: -1654.529521359857
Energy: -1654.4825952634392
Energy: -1654.525815172307
Energy: -1654.5133508688605
Energy: -1654.529074460208
Energy: -1654.5041740901604
Energy: -1654.5295213598595
Energy: -1654.4793074218012
Energy: -1654.5296447110836
Energy: -1654.4971048660525
Energy: -1654.529122023184
Energy: -1654.4548320248257
Energy: -1654.5269506912703
Energy: -1654.4972490656137
Energy: -1654.5283236720709
Energy: -1654.4609863448302
Energy: -1654.5296715869797
Energy: -1654.505449937722
Energy: -1654.5286398254195
Energy: -1654.4892103159357
Energy: -1654.5279213884414
Energy: -1654.4463838111453
Energy: -1654.5295075760164
Energy: -1654.501513159933
Energy: -1654.5247437771066
Energy: -1654.4871436124474
Energy: -1654.528792578485
Energy: -1654.5078216737288
Energy: -1654.5271323052261
Energy: -1654.520839983643
Energy: -1654.5271753182699
Energy: -1654.4829677350072
Energy: -1654.5155263055692
Energy: -1654.5102316499356
Energy: -1654.5300388575656
Energy: -1654.5202626390324
Energy: -1654.5308203738002
Energy: -1654.5170435394762
Energy: -1654.5246720105592
Energy: -1654.4886905589444
Energy: -1654.53082037379
Energy: -1654.4833474820207
Energy: -1654.5324580550844
Energy: -1654.5079713564414
Energy: -1654.5385135354732
Energy: -1654.4714595175944
Energy: -1654.5273011267377
Energy: -1654.496546795373
Energy: -1654.5340508719878
Energy: -1654.4921713364413
Energy: -1654.5385135354766
Energy: -1654.4408666301733
Energy: -1654.5299644226782
Energy: -1654.5099528504857
Energy: -1654.5349482558258
Energy: -1654.5253566518168
Energy: -1654.5168777380914
Energy: -1654.5069052754968
Energy: -1654.5337359604569
Energy: -1654.4972149861508
Energy: -1654.536843473471
Energy: -1654.4965674242997
Energy: -1654.5430759892356
Energy: -1654.5175290427153
Energy: -1654.5443370074224
Energy: -1654.5072873655006
Energy: -1654.5401934211382
Energy: -1654.5209006816933
Energy: -1654.5466597922034
Energy: -1654.514135645525
Energy: -1654.5430002193655
Energy: -1654.5346560052526
Energy: -1654.544501823345
Energy: -1654.5247814267636
Energy: -1654.546854824761
Energy: -1654.5264390039786
Energy: -1654.5458426089808
Energy: -1654.5154780521157
Energy: -1654.5420572361393
Energy: -1654.5207038072504
Energy: -1654.544012559728
Energy: -1654.5276099527575
Energy: -1654.5469217935479
Energy: -1654.5349557721074
Energy: -1654.5427046851994
Energy: -1654.5116837482817
Energy: -1654.5415084291458
Energy: -1654.5270916511563
Energy: -1654.5409650513748
Energy: -1654.5411381689828
Energy: -1654.5330091228657
Energy: -1654.531097364128
Energy: -1654.5483676848428
Energy: -1654.5085235957933
Energy: -1654.542920618557
Energy: -1654.535839448843
Energy: -1654.5484781437826
Energy: -1654.5149980692058
Energy: -1654.548649774897
Energy: -1654.4983635574476
Energy: -1654.4820598479632
Energy: -1654.5444695237602
Energy: -1654.543681684815
Energy: -1654.5146557195521
Energy: -1654.5421601839248
Energy: -1654.534747585961
Energy: -1654.548620002492
Energy: -1654.5430868610106
Energy: -1654.537544683663
Energy: -1654.556406981495
Energy: -1654.5563912691491
Energy: -1654.4997196454835
Energy: -1654.5533803397057
Energy: -1654.4654306754908
Energy: -1654.5516996784422
Energy: -1654.4987300735252
Energy: -1654.553806913357
Energy: -1654.5321690479495
Energy: -1654.555474704256
Energy: -1654.5276784307737
Energy: -1654.5582921433343
Energy: -1654.544995353088
Energy: -1654.5496126719893
Energy: -1654.5462369437068
Energy: -1654.5581845700103
Energy: -1654.5567311506995
Energy: -1654.5577778069744
Energy: -1654.4937726082026
Energy: -1654.558300307699
Energy: -1654.5024901373579
Energy: -1654.5546752311432
Energy: -1654.535541542644
Energy: -1654.5581850625276
Energy: -1654.5456132125018
Energy: -1654.5537722935355
Energy: -1654.5283374687522
Energy: -1654.5638495142096
Energy: -1654.5325045718748
Energy: -1654.5622562524004
Energy: -1654.5513656203445
Energy: -1654.563618111388
Energy: -1654.542536896114
Energy: -1654.5638495142175
Energy: -1654.5060809106658
Energy: -1654.5592644334567
Energy: -1654.5538057109356
Energy: -1654.563677909383
Energy: -1654.5407005675902
Energy: -1654.5646891206814
Energy: -1654.5236903099294
Energy: -1654.5615177591924
Energy: -1654.5521645104832
Energy: -1654.5647279635598
Energy: -1654.5454014966863
Energy: -1654.5614769116817
Energy: -1654.5567105211044
Energy: -1654.5630112308036
Energy: -1654.5598825291008
Energy: -1654.5641665956862
Energy: -1654.5353212945029
Energy: -1654.5328395490583
Energy: -1654.538466090008
Energy: -1654.5653872391326
Energy: -1654.4980740550445
Energy: -1654.5647421853544
Energy: -1654.5281900736045
Energy: -1654.5404346602534
Energy: -1654.5598163188354
Energy: -1654.556257160591
Energy: -1654.533961435065
Energy: -1654.5620810895914
Energy: -1654.5318706368819
Optimized energy: -1654.5653872391326
Optimized parameters:  [1.3428445799965203, 1.3388510601590136, 0.2608137508096949, -0.02393275111344938, 0.2712832090069299, -0.21186297658620196, -0.012392228451508084, 0.8945442895350677, -0.05362355105617277, 0.028595102809671816, -0.12428915947070154, 0.4813140093140315, 0.03508357870639124, 1.8870135769470768, 0.6682373045397225, -1.1770743110704478, 0.40685306954911, -0.3722393805359122, -0.34700455660096585, 0.9206671226705299, 1.043872398075352, 1.090151071323645, 0.12391267344055598, -0.8857748286313281, 0.22449668859539848, 0.7500000009857687, -0.39032887336144473, -0.0510116641647267, -0.21874855034029447, 1.6990140583571318, -0.18665234013010493, 0.23082768737346143, 0.0333344081890546, 0.44559976518908295, -0.08481270627563699, 0.04663454225500354, -0.17229295693970792, 0.014791621238925403, 0.5319563498997311, -0.0360039442656134, -0.04289869474215259, 0.0967711321545209, 0.10803212847113804, 0.11391773129810062, 1.00230212849874, -0.0874102598091498, -0.45238046920484626, -0.05423132391616224, -0.06180606257132882, -0.5507537461879752, 0.032681133034810246, -0.6047031782044011, 0.4382270449884138, -0.12075699010224726, 1.027058868011749, -0.125522921106437, -0.2994618289678634, -0.1388147670337126, -1.0819199763974865, 1.2024475032058155, 0.12019334157661937, -0.18419553567891422, 0.4712622309227314, 0.390663189608214, -0.23584457159842986, -0.18969628799864172, 0.3546537694137924, -0.4140977876667124, 0.06421887308447129, 0.43067197182130956, -0.5699439956247414, 0.47070566965162275, 1.021923347140922, -0.14019540054777882, 0.04351006478692388, 1.733983719962967, 0.0021349154899714994, 0.14451852887157263, -0.00564237736884041, -0.2262392019241184, 1.7595960889012354, 1.9993210685753113, -0.4851151348485331, -0.006102252914067085, 0.18168463630018705, -0.1720161901850283, 0.026613055420284554, -0.14086553406270994, 0.9031179634527016, 0.047822395792298814, 0.06704264041361992, -0.012047599000477978, 0.104162886967083, 0.08636522439234075, -0.12391023030295241, -0.14002722653060198, -1.3233925224365402, -0.0847582982237312, 0.05616455304700017, 0.18818218833433917, -0.2039778654646818, -0.7190034155995215, -0.1806123849818023, 0.1622817382976469, 0.01692472338051949, 2.436891385826841, 0.780804404692254, 1.065376535345735, 1.2598852697166318, -0.05198899349694614, 0.29873405376071943, 0.07213999403812431, 1.4692850691287336, -0.10855539154679264, -0.2985785553296116, -0.03304926493420075, 0.07276099297715141, 0.7363700229450566, 1.2296796503756833]
